SF:RCAIDE/Framework/Analyses/Aerodynamics/Aerodynamics.py
DA:11,1
DA:12,1
DA:15,1
DA:20,1
DA:30,1
DA:48,0
DA:49,0
DA:50,0
DA:51,0
DA:54,1
DA:73,0
DA:75,0
DA:77,1
DA:96,0
LF:14
LH:7
FN:30,51,Aerodynamics.__defaults__
FNDA:0,Aerodynamics.__defaults__
FN:54,75,Aerodynamics.evaluate
FNDA:0,Aerodynamics.evaluate
FN:77,96,Aerodynamics.post_process
FNDA:0,Aerodynamics.post_process
FNF:3
FNH:0
end_of_record
SF:RCAIDE/Framework/Analyses/Aerodynamics/Athena_Vortex_Lattice.py
DA:10,1
DA:11,1
DA:12,1
DA:13,1
DA:14,1
DA:15,1
DA:16,1
DA:19,1
DA:24,1
DA:43,1
DA:61,0
DA:62,0
DA:63,0
DA:64,0
DA:67,0
DA:68,0
DA:69,0
DA:70,0
DA:71,0
DA:72,0
DA:73,0
DA:74,0
DA:75,0
DA:76,0
DA:77,0
DA:78,0
DA:79,0
DA:80,0
DA:82,0
DA:84,0
DA:85,0
DA:86,0
DA:87,0
DA:89,0
DA:90,0
DA:91,0
DA:92,0
DA:93,0
DA:94,0
DA:95,0
DA:96,0
DA:97,0
DA:98,0
DA:99,0
DA:100,0
DA:101,0
DA:102,0
DA:103,0
DA:104,0
DA:105,0
DA:106,0
DA:107,0
DA:108,0
DA:109,0
DA:110,0
DA:111,0
DA:112,0
DA:113,0
DA:114,0
DA:115,0
DA:116,0
DA:117,0
DA:118,0
DA:121,0
DA:122,0
DA:123,0
DA:124,0
DA:125,0
DA:126,0
DA:127,0
DA:128,0
DA:129,0
DA:130,0
DA:133,0
DA:134,0
DA:135,0
DA:136,0
DA:137,0
DA:138,0
DA:139,0
DA:140,0
DA:141,0
DA:142,0
DA:143,0
DA:145,0
DA:146,0
DA:147,0
DA:148,0
DA:149,0
DA:152,0
DA:153,0
DA:154,0
DA:155,0
DA:156,0
DA:159,0
DA:160,0
DA:161,0
DA:162,0
DA:163,0
DA:164,0
DA:165,0
DA:166,0
DA:167,0
DA:168,0
DA:169,0
DA:170,0
DA:171,0
DA:172,0
DA:173,0
DA:174,0
DA:175,0
DA:176,0
DA:177,0
DA:178,0
DA:179,0
DA:180,0
DA:181,0
DA:182,0
DA:185,1
DA:186,0
DA:189,0
DA:191,0
DA:194,0
DA:197,0
DA:198,0
DA:199,0
DA:201,0
DA:202,0
DA:205,1
DA:224,0
DA:225,0
DA:226,0
DA:228,0
LF:133
LH:12
FN:43,182,Athena_Vortex_Lattice.__defaults__
FNDA:0,Athena_Vortex_Lattice.__defaults__
FN:185,202,Athena_Vortex_Lattice.initialize
FNDA:0,Athena_Vortex_Lattice.initialize
FN:205,228,Athena_Vortex_Lattice.evaluate
FNDA:0,Athena_Vortex_Lattice.evaluate
FNF:3
FNH:0
BRDA:189,0,jump to line 191,-
BRDA:189,0,jump to line 197,-
BRDA:198,0,jump to line 199,-
BRDA:198,0,jump to line 201,-
BRF:4
BRH:0
end_of_record
SF:RCAIDE/Framework/Analyses/Aerodynamics/Vortex_Lattice_Method.py
DA:10,1
DA:11,1
DA:12,1
DA:13,1
DA:14,1
DA:15,1
DA:18,1
DA:23,1
DA:42,1
DA:60,0
DA:61,0
DA:62,0
DA:63,0
DA:66,0
DA:67,0
DA:68,0
DA:69,0
DA:70,0
DA:71,0
DA:72,0
DA:73,0
DA:74,0
DA:75,0
DA:76,0
DA:77,0
DA:78,0
DA:79,0
DA:80,0
DA:81,0
DA:82,0
DA:83,0
DA:84,0
DA:85,0
DA:86,0
DA:87,0
DA:88,0
DA:91,0
DA:92,0
DA:93,0
DA:94,0
DA:95,0
DA:96,0
DA:97,0
DA:98,0
DA:99,0
DA:100,0
DA:102,0
DA:103,0
DA:104,0
DA:105,0
DA:106,0
DA:107,0
DA:108,0
DA:109,0
DA:110,0
DA:111,0
DA:112,0
DA:115,0
DA:116,0
DA:117,0
DA:119,0
DA:120,0
DA:121,0
DA:123,0
DA:124,0
DA:125,0
DA:126,0
DA:127,0
DA:128,0
DA:129,0
DA:130,0
DA:131,0
DA:132,0
DA:133,0
DA:134,0
DA:135,0
DA:136,0
DA:137,0
DA:138,0
DA:139,0
DA:140,0
DA:142,0
DA:143,0
DA:144,0
DA:145,0
DA:146,0
DA:147,0
DA:148,0
DA:151,0
DA:152,0
DA:153,0
DA:154,0
DA:155,0
DA:158,0
DA:159,0
DA:160,0
DA:161,0
DA:164,0
DA:167,0
DA:168,0
DA:169,0
DA:170,0
DA:171,0
DA:172,0
DA:173,0
DA:174,0
DA:175,0
DA:176,0
DA:177,0
DA:178,0
DA:179,0
DA:180,0
DA:181,0
DA:182,0
DA:183,0
DA:184,0
DA:185,0
DA:186,0
DA:187,0
DA:188,0
DA:189,0
DA:190,0
DA:191,0
DA:192,0
DA:195,1
DA:196,0
DA:199,0
DA:201,0
DA:204,0
DA:207,0
DA:208,0
DA:209,0
DA:211,0
DA:212,0
DA:215,1
DA:234,0
DA:235,0
DA:236,0
DA:238,0
LF:139
LH:11
FN:42,192,Vortex_Lattice_Method.__defaults__
FNDA:0,Vortex_Lattice_Method.__defaults__
FN:195,212,Vortex_Lattice_Method.initialize
FNDA:0,Vortex_Lattice_Method.initialize
FN:215,238,Vortex_Lattice_Method.evaluate
FNDA:0,Vortex_Lattice_Method.evaluate
FNF:3
FNH:0
BRDA:199,0,jump to line 201,-
BRDA:199,0,jump to line 207,-
BRDA:208,0,jump to line 209,-
BRDA:208,0,jump to line 211,-
BRF:4
BRH:0
end_of_record
SF:RCAIDE/Framework/Analyses/Analysis.py
DA:9,1
DA:10,1
DA:15,1
DA:26,1
DA:44,0
DA:45,0
DA:46,0
DA:48,1
DA:66,0
DA:68,1
DA:89,1
DA:107,0
DA:109,1
DA:129,0
DA:135,1
DA:147,1
DA:166,0
DA:167,0
DA:168,0
DA:170,1
DA:189,0
DA:190,0
DA:191,0
DA:192,0
DA:194,0
DA:195,0
DA:196,0
DA:198,1
DA:217,0
DA:218,0
DA:219,0
DA:222,1
DA:241,0
DA:247,1
LF:34
LH:14
FN:26,46,Analysis.__defaults__
FNDA:0,Analysis.__defaults__
FN:48,66,Analysis.initialize
FNDA:0,Analysis.initialize
FN:68,87,Analysis.evaluate
FNDA:0,Analysis.evaluate
FN:89,107,Analysis.post_process
FNDA:0,Analysis.post_process
FN:109,129,Analysis.__call__
FNDA:0,Analysis.__call__
FN:147,168,Container.initialize
FNDA:0,Container.initialize
FN:170,196,Container.evaluate
FNDA:0,Container.evaluate
FN:198,219,Container.post_process
FNDA:0,Container.post_process
FN:222,241,Container.__call__
FNDA:0,Container.__call__
FNF:9
FNH:0
BRDA:166,0,jump to line 167,-
BRDA:166,0,return from function 'initialize',-
BRDA:167,0,jump to line 166,-
BRDA:167,0,jump to line 168,-
BRDA:190,0,jump to line 191,-
BRDA:190,0,jump to line 196,-
BRDA:191,0,jump to line 192,-
BRDA:191,0,jump to line 194,-
BRDA:217,0,jump to line 218,-
BRDA:217,0,return from function 'post_process',-
BRDA:218,0,jump to line 217,-
BRDA:218,0,jump to line 219,-
BRF:12
BRH:0
end_of_record
SF:RCAIDE/Framework/Analyses/Atmospheric/Atmospheric.py
DA:12,1
DA:13,1
DA:21,1
DA:31,1
DA:49,0
DA:50,0
DA:53,1
LF:7
LH:5
FN:31,50,Atmospheric.__defaults__
FNDA:0,Atmospheric.__defaults__
FN:53,55,Atmospheric.compute_values
FNDA:0,Atmospheric.compute_values
FNF:2
FNH:0
end_of_record
SF:RCAIDE/Framework/Analyses/Atmospheric/Constant_Temperature.py
DA:1,1
DA:2,1
DA:4,1
DA:5,1
DA:6,1
DA:7,1
DA:8,1
DA:9,1
DA:10,1
DA:18,1
DA:29,1
DA:48,0
DA:49,0
DA:51,1
DA:84,0
DA:85,0
DA:86,0
DA:87,0
DA:88,0
DA:89,0
DA:92,0
DA:93,0
DA:94,0
DA:95,0
DA:98,0
DA:101,0
DA:102,0
DA:105,0
DA:108,0
DA:109,0
DA:110,0
DA:111,0
DA:112,0
DA:113,0
DA:116,0
DA:117,0
DA:118,0
DA:119,0
DA:120,0
DA:121,0
DA:122,0
DA:123,0
DA:124,0
DA:125,0
DA:129,0
DA:130,0
DA:131,0
DA:132,0
DA:133,0
DA:134,0
DA:135,0
DA:139,0
DA:140,0
DA:142,0
DA:144,0
DA:145,0
DA:146,0
DA:147,0
DA:148,0
DA:149,0
DA:151,0
DA:152,0
DA:153,0
DA:154,0
DA:155,0
DA:156,0
DA:157,0
DA:158,0
DA:159,0
DA:160,0
DA:162,0
LF:71
LH:12
FN:29,49,Constant_Temperature.__defaults__
FNDA:0,Constant_Temperature.__defaults__
FN:51,162,Constant_Temperature.compute_values
FNDA:0,Constant_Temperature.compute_values
FNF:2
FNH:0
BRDA:92,0,jump to line 93,-
BRDA:92,0,jump to line 94,-
BRDA:94,0,jump to line 95,-
BRDA:94,0,jump to line 98,-
BRDA:108,0,jump to line 109,-
BRDA:108,0,jump to line 111,-
BRDA:111,0,jump to line 112,-
BRDA:111,0,jump to line 116,-
BRDA:129,0,jump to line 130,-
BRDA:129,0,jump to line 139,-
BRF:10
BRH:0
end_of_record
SF:RCAIDE/Framework/Analyses/Atmospheric/US_Standard_1976.py
DA:12,1
DA:13,1
DA:14,1
DA:15,1
DA:16,1
DA:17,1
DA:18,1
DA:20,1
DA:21,1
DA:29,1
DA:40,1
DA:59,0
DA:60,0
DA:62,1
DA:98,0
DA:99,0
DA:100,0
DA:101,0
DA:102,0
DA:103,0
DA:104,0
DA:107,0
DA:108,0
DA:109,0
DA:110,0
DA:113,0
DA:116,0
DA:117,0
DA:120,0
DA:123,0
DA:124,0
DA:125,0
DA:126,0
DA:127,0
DA:128,0
DA:131,0
DA:132,0
DA:133,0
DA:134,0
DA:135,0
DA:136,0
DA:137,0
DA:138,0
DA:139,0
DA:140,0
DA:144,0
DA:145,0
DA:146,0
DA:147,0
DA:148,0
DA:149,0
DA:153,0
DA:154,0
DA:155,0
DA:156,0
DA:157,0
DA:159,0
DA:160,0
DA:161,0
DA:162,0
DA:163,0
DA:164,0
DA:166,0
DA:167,0
DA:168,0
DA:169,0
DA:170,0
DA:171,0
DA:172,0
DA:173,0
DA:174,0
DA:175,0
DA:177,0
LF:73
LH:12
FN:40,60,US_Standard_1976.__defaults__
FNDA:0,US_Standard_1976.__defaults__
FN:62,177,US_Standard_1976.compute_values
FNDA:0,US_Standard_1976.compute_values
FNF:2
FNH:0
BRDA:107,0,jump to line 108,-
BRDA:107,0,jump to line 109,-
BRDA:109,0,jump to line 110,-
BRDA:109,0,jump to line 113,-
BRDA:123,0,jump to line 124,-
BRDA:123,0,jump to line 126,-
BRDA:126,0,jump to line 127,-
BRDA:126,0,jump to line 131,-
BRDA:144,0,jump to line 145,-
BRDA:144,0,jump to line 153,-
BRF:10
BRH:0
end_of_record
SF:RCAIDE/Framework/Analyses/Common/Process_Geometry.py
DA:11,1
DA:12,1
DA:17,1
DA:27,1
DA:29,1
DA:47,0
DA:49,1
DA:69,0
DA:71,0
DA:73,0
DA:74,0
DA:75,0
DA:77,0
LF:13
LH:6
FN:29,47,Process_Geometry.__init__
FNDA:0,Process_Geometry.__init__
FN:49,77,Process_Geometry.evaluate
FNDA:0,Process_Geometry.evaluate
FNF:2
FNH:0
BRDA:73,0,jump to line 74,-
BRDA:73,0,jump to line 77,-
BRF:2
BRH:0
end_of_record
SF:RCAIDE/Framework/Analyses/Emissions/Emission_Index_CRN_Method.py
DA:8,1
DA:9,1
DA:10,1
DA:11,1
DA:13,1
DA:18,1
DA:23,1
DA:35,0
DA:36,0
DA:37,0
DA:38,0
DA:39,0
DA:42,0
DA:45,0
DA:46,0
DA:47,0
DA:48,0
DA:50,0
DA:52,1
DA:69,0
DA:72,0
DA:74,0
DA:77,0
DA:80,0
DA:81,0
DA:82,0
DA:84,0
DA:85,0
DA:88,1
DA:107,0
DA:108,0
DA:109,0
DA:111,0
LF:33
LH:9
FN:23,50,Emission_Index_CRN_Method.__defaults__
FNDA:0,Emission_Index_CRN_Method.__defaults__
FN:52,85,Emission_Index_CRN_Method.initialize
FNDA:0,Emission_Index_CRN_Method.initialize
FN:88,111,Emission_Index_CRN_Method.evaluate
FNDA:0,Emission_Index_CRN_Method.evaluate
FNF:3
FNH:0
BRDA:72,0,jump to line 74,-
BRDA:72,0,jump to line 80,-
BRDA:81,0,jump to line 82,-
BRDA:81,0,jump to line 84,-
BRF:4
BRH:0
end_of_record
SF:RCAIDE/Framework/Analyses/Emissions/Emission_Index_Correlation_Method.py
DA:8,1
DA:9,1
DA:10,1
DA:16,1
DA:67,1
DA:79,0
DA:80,0
DA:81,0
DA:82,0
DA:84,0
DA:86,1
DA:98,0
DA:99,0
DA:100,0
DA:103,1
DA:123,0
DA:124,0
DA:125,0
DA:127,0
LF:19
LH:7
FN:67,84,Emission_Index_Correlation_Method.__defaults__
FNDA:0,Emission_Index_Correlation_Method.__defaults__
FN:86,100,Emission_Index_Correlation_Method.initialize
FNDA:0,Emission_Index_Correlation_Method.initialize
FN:103,127,Emission_Index_Correlation_Method.evaluate
FNDA:0,Emission_Index_Correlation_Method.evaluate
FNF:3
FNH:0
end_of_record
SF:RCAIDE/Framework/Analyses/Emissions/Emissions.py
DA:10,1
DA:11,1
DA:12,1
DA:17,1
DA:20,1
DA:29,0
DA:30,0
DA:31,0
DA:34,1
DA:50,0
DA:52,0
LF:11
LH:6
FN:20,31,Emissions.__defaults__
FNDA:0,Emissions.__defaults__
FN:34,52,Emissions.evaluate
FNDA:0,Emissions.evaluate
FNF:2
FNH:0
end_of_record
SF:RCAIDE/Framework/Analyses/Energy/Energy.py
DA:10,1
DA:11,1
DA:20,1
DA:23,1
DA:32,0
DA:33,0
DA:35,1
DA:51,0
DA:52,0
DA:53,0
DA:54,0
LF:11
LH:5
FN:23,33,Energy.__defaults__
FNDA:0,Energy.__defaults__
FN:35,54,Energy.evaluate
FNDA:0,Energy.evaluate
FNF:2
FNH:0
end_of_record
SF:RCAIDE/Framework/Analyses/Geodesics/Geodesics.py
DA:9,1
DA:14,1
DA:29,0
DA:30,0
LF:4
LH:2
FN:14,30,Calculate_Distance
FNDA:0,Calculate_Distance
FNF:1
FNH:0
end_of_record
SF:RCAIDE/Framework/Analyses/Noise/Correlation_Buildup.py
DA:10,1
DA:11,1
DA:12,1
DA:13,1
DA:14,1
DA:17,1
DA:22,1
DA:40,1
DA:62,0
DA:63,0
DA:65,1
DA:85,0
DA:86,0
DA:87,0
DA:88,0
DA:89,0
DA:91,0
DA:92,0
DA:95,0
DA:96,0
DA:99,0
DA:100,0
DA:101,0
DA:102,0
DA:105,0
DA:106,0
DA:107,0
DA:108,0
DA:109,0
DA:111,0
DA:112,0
DA:113,0
LF:32
LH:9
FN:40,63,Correlation_Buildup.__defaults__
FNDA:0,Correlation_Buildup.__defaults__
FN:65,113,Correlation_Buildup.evaluate_noise
FNDA:0,Correlation_Buildup.evaluate_noise
FNF:2
FNH:0
BRDA:99,0,jump to line 100,-
BRDA:99,0,jump to line 105,-
BRDA:105,0,jump to line 106,-
BRDA:105,0,jump to line 111,-
BRDA:106,0,jump to line 105,-
BRDA:106,0,jump to line 107,-
BRF:6
BRH:0
end_of_record
SF:RCAIDE/Framework/Analyses/Noise/Frequency_Domain_Buildup.py
DA:11,1
DA:12,1
DA:13,1
DA:14,1
DA:15,1
DA:18,1
DA:23,1
DA:41,1
DA:63,0
DA:64,0
DA:65,0
DA:66,1
DA:87,0
DA:88,0
DA:89,0
DA:90,0
DA:91,0
DA:93,0
DA:94,0
DA:97,0
DA:98,0
DA:101,0
DA:102,0
DA:103,0
DA:104,0
DA:105,0
DA:106,0
DA:107,0
DA:108,0
DA:109,0
DA:110,0
DA:112,0
DA:113,0
DA:114,0
LF:34
LH:9
FN:41,65,Frequency_Domain_Buildup.__defaults__
FNDA:0,Frequency_Domain_Buildup.__defaults__
FN:66,114,Frequency_Domain_Buildup.evaluate_noise
FNDA:0,Frequency_Domain_Buildup.evaluate_noise
FNF:2
FNH:0
BRDA:103,0,jump to line 104,-
BRDA:103,0,jump to line 112,-
BRDA:104,0,jump to line 103,-
BRDA:104,0,jump to line 105,-
BRDA:105,0,jump to line 104,-
BRDA:105,0,jump to line 106,-
BRDA:106,0,jump to line 105,-
BRDA:106,0,jump to line 107,-
BRF:8
BRH:0
end_of_record
SF:RCAIDE/Framework/Analyses/Noise/Noise.py
DA:9,1
DA:10,1
DA:13,1
DA:17,1
DA:28,1
DA:46,0
DA:48,0
DA:49,0
DA:51,0
DA:52,0
DA:53,0
DA:54,0
DA:55,0
DA:56,0
DA:57,0
DA:58,0
DA:59,0
DA:60,0
DA:61,0
DA:62,0
DA:63,0
DA:64,0
DA:65,0
DA:66,0
DA:67,0
DA:68,0
DA:69,0
DA:70,0
DA:71,0
DA:72,0
DA:73,0
DA:75,0
DA:76,0
DA:77,0
DA:78,0
DA:79,0
DA:82,0
DA:85,0
DA:87,0
DA:90,0
DA:94,1
DA:113,0
DA:115,0
LF:43
LH:6
FN:28,90,Noise.__defaults__
FNDA:0,Noise.__defaults__
FN:94,115,Noise.evaluate
FNDA:0,Noise.evaluate
FNF:2
FNH:0
end_of_record
SF:RCAIDE/Framework/Analyses/Planets/Earth.py
DA:11,1
DA:12,1
DA:18,1
DA:27,1
DA:45,0
DA:46,0
DA:47,0
DA:48,0
DA:49,0
DA:51,1
DA:68,0
DA:69,0
DA:70,0
DA:73,0
DA:75,0
LF:15
LH:5
FN:27,49,Earth.__defaults__
FNDA:0,Earth.__defaults__
FN:51,75,Earth.compute_gravity
FNDA:0,Earth.compute_gravity
FNF:2
FNH:0
end_of_record
SF:RCAIDE/Framework/Analyses/Planets/Planet.py
DA:10,1
DA:11,1
DA:12,1
DA:19,1
DA:23,1
DA:44,0
DA:45,0
LF:7
LH:5
FN:23,45,Planet.__defaults__
FNDA:0,Planet.__defaults__
FNF:1
FNH:0
end_of_record
SF:RCAIDE/Framework/Analyses/Process.py
DA:9,1
DA:10,1
DA:15,1
DA:27,1
DA:47,0
DA:49,0
DA:51,0
DA:52,0
DA:54,0
DA:56,0
DA:58,0
DA:60,1
DA:78,0
LF:13
LH:5
FN:27,58,Process.evaluate
FNDA:0,Process.evaluate
FN:60,78,Process.__call__
FNDA:0,Process.__call__
FNF:2
FNH:0
BRDA:49,0,jump to line 51,-
BRDA:49,0,jump to line 58,-
BRDA:51,0,jump to line 52,-
BRDA:51,0,jump to line 54,-
BRF:4
BRH:0
end_of_record
SF:RCAIDE/Framework/Analyses/Propulsion/Ducted_Fan_Design_Code.py
DA:10,1
DA:11,1
DA:14,1
DA:19,1
DA:20,1
DA:30,0
DA:32,0
DA:33,0
DA:34,0
DA:35,0
DA:36,0
DA:37,0
DA:39,0
DA:40,0
DA:41,0
DA:42,0
DA:43,0
DA:44,0
DA:45,0
DA:46,0
DA:47,0
DA:49,0
DA:52,0
DA:53,0
DA:55,0
DA:58,0
DA:61,0
DA:62,0
DA:63,0
DA:65,0
DA:68,0
DA:71,1
DA:89,0
DA:90,0
DA:91,0
LF:35
LH:6
FN:20,68,Ducted_Fan_Design_Code.__defaults__
FNDA:0,Ducted_Fan_Design_Code.__defaults__
FN:71,91,Ducted_Fan_Design_Code.append_case
FNDA:0,Ducted_Fan_Design_Code.append_case
FNF:2
FNH:0
end_of_record
SF:RCAIDE/Framework/Analyses/Propulsion/Momentum_Theory_Wake.py
DA:10,1
DA:11,1
DA:12,1
DA:13,1
DA:14,1
DA:15,1
DA:17,1
DA:22,1
DA:31,1
DA:50,0
DA:51,0
DA:54,1
DA:87,0
DA:89,0
DA:91,1
DA:114,0
DA:115,0
DA:117,0
DA:118,0
DA:119,0
DA:120,0
DA:121,0
DA:122,0
DA:124,0
DA:125,0
DA:127,0
DA:128,0
DA:129,0
DA:132,0
DA:135,0
DA:138,0
DA:139,0
DA:142,0
DA:144,1
DA:167,0
DA:168,0
DA:169,0
DA:171,0
LF:38
LH:12
FN:31,51,Momentum_Theory_Wake.__defaults__
FNDA:0,Momentum_Theory_Wake.__defaults__
FN:54,89,Momentum_Theory_Wake.evaluate
FNDA:0,Momentum_Theory_Wake.evaluate
FN:91,142,Momentum_Theory_Wake.evaluate_slipstream
FNDA:0,Momentum_Theory_Wake.evaluate_slipstream
FN:144,171,Momentum_Theory_Wake.evaluate_wake_velocities
FNDA:0,Momentum_Theory_Wake.evaluate_wake_velocities
FNF:4
FNH:0
BRDA:114,0,jump to line 115,-
BRDA:114,0,jump to line 132,-
BRDA:117,0,jump to line 118,-
BRDA:117,0,jump to line 122,-
BRDA:118,0,jump to line 117,-
BRDA:118,0,jump to line 119,-
BRDA:124,0,jump to line 125,-
BRDA:124,0,jump to line 127,-
BRF:8
BRH:0
end_of_record
SF:RCAIDE/Framework/Analyses/Settings.py
DA:9,1
DA:14,1
DA:25,1
DA:43,0
DA:45,0
LF:5
LH:3
FN:25,45,Settings.__defaults__
FNDA:0,Settings.__defaults__
FNF:1
FNH:0
end_of_record
SF:RCAIDE/Framework/Analyses/Stability/Athena_Vortex_Lattice.py
DA:10,1
DA:11,1
DA:12,1
DA:13,1
DA:14,1
DA:15,1
DA:16,1
DA:19,1
DA:24,1
DA:43,1
DA:62,0
DA:63,0
DA:64,0
DA:65,0
DA:68,0
DA:69,0
DA:70,0
DA:71,0
DA:72,0
DA:73,0
DA:74,0
DA:75,0
DA:76,0
DA:77,0
DA:78,0
DA:79,0
DA:80,0
DA:81,0
DA:83,0
DA:85,0
DA:86,0
DA:87,0
DA:88,0
DA:90,0
DA:92,0
DA:93,0
DA:94,0
DA:95,0
DA:96,0
DA:97,0
DA:98,0
DA:99,0
DA:100,0
DA:101,0
DA:102,0
DA:103,0
DA:104,0
DA:105,0
DA:106,0
DA:107,0
DA:108,0
DA:109,0
DA:110,0
DA:111,0
DA:112,0
DA:113,0
DA:114,0
DA:115,0
DA:116,0
DA:117,0
DA:118,0
DA:119,0
DA:120,0
DA:123,0
DA:124,0
DA:125,0
DA:126,0
DA:127,0
DA:128,0
DA:129,0
DA:130,0
DA:131,0
DA:132,0
DA:135,0
DA:136,0
DA:137,0
DA:138,0
DA:139,0
DA:140,0
DA:141,0
DA:142,0
DA:143,0
DA:144,0
DA:145,0
DA:147,0
DA:148,0
DA:149,0
DA:150,0
DA:151,0
DA:154,0
DA:155,0
DA:156,0
DA:157,0
DA:158,0
DA:161,0
DA:162,0
DA:163,0
DA:164,0
DA:165,0
DA:166,0
DA:167,0
DA:168,0
DA:169,0
DA:170,0
DA:171,0
DA:172,0
DA:173,0
DA:174,0
DA:175,0
DA:176,0
DA:177,0
DA:178,0
DA:179,0
DA:180,0
DA:181,0
DA:182,0
DA:183,0
DA:184,0
DA:187,1
DA:188,0
DA:191,0
DA:193,0
DA:196,0
DA:199,0
DA:200,0
DA:201,0
DA:203,0
DA:204,0
DA:207,1
DA:226,0
DA:227,0
DA:228,0
DA:230,0
LF:133
LH:12
FN:43,184,Athena_Vortex_Lattice.__defaults__
FNDA:0,Athena_Vortex_Lattice.__defaults__
FN:187,204,Athena_Vortex_Lattice.initialize
FNDA:0,Athena_Vortex_Lattice.initialize
FN:207,230,Athena_Vortex_Lattice.evaluate
FNDA:0,Athena_Vortex_Lattice.evaluate
FNF:3
FNH:0
BRDA:191,0,jump to line 193,-
BRDA:191,0,jump to line 199,-
BRDA:200,0,jump to line 201,-
BRDA:200,0,jump to line 203,-
BRF:4
BRH:0
end_of_record
SF:RCAIDE/Framework/Analyses/Stability/Stability.py
DA:2,1
DA:3,1
DA:9,1
DA:20,1
DA:38,0
DA:39,0
DA:40,0
DA:42,0
LF:8
LH:4
FN:20,42,Stability.__defaults__
FNDA:0,Stability.__defaults__
FNF:1
FNH:0
end_of_record
SF:RCAIDE/Framework/Analyses/Stability/Vortex_Lattice_Method.py
DA:11,1
DA:12,1
DA:13,1
DA:14,1
DA:15,1
DA:16,1
DA:17,1
DA:20,1
DA:25,1
DA:44,1
DA:62,0
DA:63,0
DA:64,0
DA:65,0
DA:68,0
DA:69,0
DA:70,0
DA:71,0
DA:72,0
DA:73,0
DA:74,0
DA:75,0
DA:76,0
DA:77,0
DA:78,0
DA:79,0
DA:80,0
DA:81,0
DA:82,0
DA:83,0
DA:84,0
DA:85,0
DA:86,0
DA:87,0
DA:88,0
DA:89,0
DA:90,0
DA:93,0
DA:94,0
DA:95,0
DA:96,0
DA:97,0
DA:98,0
DA:99,0
DA:100,0
DA:101,0
DA:102,0
DA:104,0
DA:105,0
DA:106,0
DA:107,0
DA:108,0
DA:109,0
DA:110,0
DA:111,0
DA:112,0
DA:113,0
DA:114,0
DA:117,0
DA:118,0
DA:119,0
DA:121,0
DA:122,0
DA:123,0
DA:125,0
DA:126,0
DA:127,0
DA:128,0
DA:129,0
DA:130,0
DA:131,0
DA:132,0
DA:133,0
DA:134,0
DA:135,0
DA:136,0
DA:137,0
DA:138,0
DA:139,0
DA:140,0
DA:141,0
DA:142,0
DA:144,0
DA:145,0
DA:146,0
DA:147,0
DA:148,0
DA:149,0
DA:150,0
DA:153,0
DA:154,0
DA:155,0
DA:156,0
DA:157,0
DA:160,0
DA:161,0
DA:162,0
DA:163,0
DA:166,0
DA:169,0
DA:170,0
DA:171,0
DA:172,0
DA:173,0
DA:174,0
DA:175,0
DA:176,0
DA:177,0
DA:178,0
DA:179,0
DA:180,0
DA:181,0
DA:182,0
DA:183,0
DA:184,0
DA:185,0
DA:186,0
DA:187,0
DA:188,0
DA:189,0
DA:190,0
DA:191,0
DA:192,0
DA:193,0
DA:194,0
DA:196,1
DA:197,0
DA:200,0
DA:202,0
DA:205,0
DA:208,0
DA:209,0
DA:210,0
DA:212,0
DA:213,0
DA:216,1
DA:235,0
DA:236,0
DA:237,0
DA:239,0
LF:140
LH:12
FN:44,194,Vortex_Lattice_Method.__defaults__
FNDA:0,Vortex_Lattice_Method.__defaults__
FN:196,213,Vortex_Lattice_Method.initialize
FNDA:0,Vortex_Lattice_Method.initialize
FN:216,239,Vortex_Lattice_Method.evaluate
FNDA:0,Vortex_Lattice_Method.evaluate
FNF:3
FNH:0
BRDA:200,0,jump to line 202,-
BRDA:200,0,jump to line 208,-
BRDA:209,0,jump to line 210,-
BRDA:209,0,jump to line 212,-
BRF:4
BRH:0
end_of_record
SF:RCAIDE/Framework/Analyses/Vehicle.py
DA:9,1
DA:10,1
DA:15,1
DA:26,1
DA:44,0
DA:45,0
DA:46,0
DA:47,0
DA:48,0
DA:49,0
DA:50,0
DA:51,0
DA:52,0
DA:53,0
DA:55,1
DA:74,0
DA:75,0
DA:76,1
DA:78,1
DA:98,0
DA:100,0
DA:111,1
DA:133,0
DA:134,0
DA:135,0
DA:137,0
DA:139,0
LF:27
LH:8
FN:26,53,Vehicle.__defaults__
FNDA:0,Vehicle.__defaults__
FN:55,75,Vehicle.append
FNDA:0,Vehicle.append
FN:78,109,Vehicle.__init__
FNDA:0,Vehicle.__init__
FN:111,139,Vehicle.get_root
FNDA:0,Vehicle.get_root
FNF:4
FNH:0
BRDA:133,0,jump to line 134,-
BRDA:133,0,jump to line 137,-
BRDA:134,0,jump to line 133,-
BRDA:134,0,jump to line 135,-
BRF:4
BRH:0
end_of_record
SF:RCAIDE/Framework/Analyses/Weights/Weights.py
DA:4,1
DA:5,1
DA:6,1
DA:11,1
DA:30,1
DA:48,0
DA:49,0
DA:51,0
DA:53,0
DA:54,0
DA:55,0
DA:56,0
DA:57,0
DA:58,0
DA:61,0
DA:62,0
DA:63,0
DA:64,0
DA:67,0
DA:68,0
DA:71,1
DA:87,0
DA:88,0
DA:91,0
DA:94,0
DA:97,0
LF:26
LH:6
FN:30,68,Weights.__defaults__
FNDA:0,Weights.__defaults__
FN:71,97,Weights.evaluate
FNDA:0,Weights.evaluate
FNF:2
FNH:0
end_of_record
SF:RCAIDE/Framework/Analyses/Weights/Weights_BWB.py
DA:8,1
DA:9,1
DA:10,1
DA:15,1
DA:30,1
DA:46,0
DA:47,0
DA:48,0
DA:49,0
DA:51,1
DA:67,0
DA:68,0
DA:71,0
DA:74,0
DA:77,0
LF:15
LH:6
FN:30,49,Weights_BWB.__defaults__
FNDA:0,Weights_BWB.__defaults__
FN:51,77,Weights_BWB.evaluate
FNDA:0,Weights_BWB.evaluate
FNF:2
FNH:0
end_of_record
SF:RCAIDE/Framework/Analyses/Weights/Weights_EVTOL.py
DA:8,1
DA:9,1
DA:10,1
DA:15,1
DA:30,1
DA:45,0
DA:46,0
DA:47,0
DA:48,0
DA:49,0
DA:50,0
DA:51,0
DA:52,0
DA:54,1
DA:70,0
DA:71,0
DA:74,0
DA:77,0
DA:80,0
LF:19
LH:6
FN:30,52,Weights_EVTOL.__defaults__
FNDA:0,Weights_EVTOL.__defaults__
FN:54,80,Weights_EVTOL.evaluate
FNDA:0,Weights_EVTOL.evaluate
FNF:2
FNH:0
end_of_record
SF:RCAIDE/Framework/Analyses/Weights/Weights_General_Aviation.py
DA:8,1
DA:9,1
DA:10,1
DA:15,1
DA:30,1
DA:45,0
DA:46,0
DA:47,0
DA:49,1
DA:65,0
DA:66,0
DA:69,0
DA:72,0
DA:75,0
LF:14
LH:6
FN:30,47,Weights_General_Aviation.__defaults__
FNDA:0,Weights_General_Aviation.__defaults__
FN:49,75,Weights_General_Aviation.evaluate
FNDA:0,Weights_General_Aviation.evaluate
FNF:2
FNH:0
end_of_record
SF:RCAIDE/Framework/Analyses/Weights/Weights_Human_Powered.py
DA:8,1
DA:9,1
DA:14,1
DA:29,1
DA:44,0
DA:45,0
DA:47,1
DA:63,0
DA:64,0
DA:67,0
DA:70,0
DA:73,0
LF:12
LH:5
FN:29,45,Weights_Human_Powered.__defaults__
FNDA:0,Weights_Human_Powered.__defaults__
FN:47,73,Weights_Human_Powered.evaluate
FNDA:0,Weights_Human_Powered.evaluate
FNF:2
FNH:0
end_of_record
SF:RCAIDE/Framework/Analyses/Weights/Weights_Transport.py
DA:9,1
DA:10,1
DA:11,1
DA:16,1
DA:35,1
DA:54,0
DA:55,0
DA:57,0
DA:59,0
DA:60,0
DA:62,0
DA:63,0
DA:64,0
DA:65,0
DA:68,0
DA:69,0
DA:70,0
DA:71,0
DA:74,0
DA:75,0
DA:77,1
DA:96,0
DA:97,0
DA:100,0
DA:103,0
DA:106,0
LF:26
LH:6
FN:35,75,Weights_Transport.__defaults__
FNDA:0,Weights_Transport.__defaults__
FN:77,106,Weights_Transport.evaluate
FNDA:0,Weights_Transport.evaluate
FNF:2
FNH:0
end_of_record
SF:RCAIDE/Framework/Analyses/Weights/Weights_UAV.py
DA:8,1
DA:9,1
DA:14,1
DA:29,1
DA:44,0
DA:45,0
DA:47,1
DA:63,0
DA:64,0
DA:67,0
DA:70,0
DA:73,0
LF:12
LH:5
FN:29,45,Weights_UAV.__defaults__
FNDA:0,Weights_UAV.__defaults__
FN:47,73,Weights_UAV.evaluate
FNDA:0,Weights_UAV.evaluate
FNF:2
FNH:0
end_of_record
SF:RCAIDE/Framework/Core/Arrays.py
DA:6,1
DA:12,1
DA:13,1
DA:15,1
DA:33,0
DA:36,1
DA:54,0
DA:57,1
DA:77,0
DA:78,0
DA:79,0
DA:80,0
DA:83,0
DA:85,0
DA:86,0
DA:87,0
DA:88,0
DA:90,0
DA:92,0
DA:96,1
DA:115,0
DA:116,0
DA:118,0
LF:23
LH:7
FN:15,33,atleast_2d_col
FNDA:0,atleast_2d_col
FN:36,54,atleast_2d_row
FNDA:0,atleast_2d_row
FN:57,92,atleast_2d
FNDA:0,atleast_2d
FN:96,118,append_array
FNDA:0,append_array
FNF:4
FNH:0
BRDA:77,0,jump to line 78,-
BRDA:77,0,jump to line 83,-
BRDA:78,0,jump to line 79,-
BRDA:78,0,jump to line 80,-
BRDA:83,0,jump to line 85,-
BRDA:83,0,jump to line 92,-
BRDA:85,0,jump to line 86,-
BRDA:85,0,jump to line 87,-
BRDA:87,0,jump to line 88,-
BRDA:87,0,jump to line 90,-
BRDA:115,0,jump to line 116,-
BRDA:115,0,jump to line 118,-
BRF:12
BRH:0
end_of_record
SF:RCAIDE/Framework/Core/Container.py
DA:11,1
DA:12,1
DA:13,1
DA:15,1
DA:16,1
DA:17,1
DA:24,1
DA:37,1
DA:57,1
DA:75,0
DA:76,0
DA:78,1
DA:100,0
DA:102,0
DA:103,0
DA:104,0
DA:105,0
DA:106,0
DA:109,0
DA:110,0
DA:112,0
DA:114,1
DA:132,0
DA:133,0
DA:134,0
DA:135,0
DA:137,0
DA:139,1
DA:158,0
LF:29
LH:12
FN:37,55,Container.__defaults__
FNDA:0,Container.__defaults__
FN:57,76,Container.__init__
FNDA:0,Container.__init__
FN:78,112,Container.append
FNDA:0,Container.append
FN:114,137,Container.extend
FNDA:0,Container.extend
FN:139,158,Container.get_children
FNDA:0,Container.get_children
FNF:5
FNH:0
BRDA:103,0,jump to line 104,-
BRDA:103,0,jump to line 112,-
BRDA:109,0,jump to line 110,-
BRDA:109,0,jump to line 112,-
BRDA:132,0,jump to line 133,-
BRDA:132,0,jump to line 134,-
BRDA:134,0,jump to line 135,-
BRDA:134,0,jump to line 137,-
BRF:8
BRH:0
end_of_record
SF:RCAIDE/Framework/Core/ContainerOrdered.py
DA:14,1
DA:20,1
DA:32,1
DA:52,1
DA:70,0
DA:71,0
DA:73,1
DA:92,0
DA:94,1
DA:112,0
DA:113,0
DA:114,0
DA:115,0
DA:117,0
DA:119,1
DA:138,0
LF:16
LH:7
FN:32,50,ContainerOrdered.__defaults__
FNDA:0,ContainerOrdered.__defaults__
FN:52,71,ContainerOrdered.__init__
FNDA:0,ContainerOrdered.__init__
FN:73,92,ContainerOrdered.append
FNDA:0,ContainerOrdered.append
FN:94,117,ContainerOrdered.extend
FNDA:0,ContainerOrdered.extend
FN:119,138,ContainerOrdered.get_children
FNDA:0,ContainerOrdered.get_children
FNF:5
FNH:0
BRDA:112,0,jump to line 113,-
BRDA:112,0,jump to line 114,-
BRDA:114,0,jump to line 115,-
BRDA:114,0,jump to line 117,-
BRF:4
BRH:0
end_of_record
SF:RCAIDE/Framework/Core/Data.py
DA:16,1
DA:17,1
DA:19,1
DA:22,1
DA:23,1
DA:24,1
DA:25,1
DA:28,1
DA:29,1
DA:36,1
DA:48,1
DA:66,1
DA:67,1
DA:68,1
DA:69,1
DA:71,1
DA:90,1
DA:91,1
DA:92,1
DA:93,1
DA:95,0
DA:97,1
DA:115,0
DA:116,0
DA:117,0
DA:118,0
DA:120,0
DA:122,1
DA:142,1
DA:163,1
DA:164,1
DA:167,1
DA:170,1
DA:171,1
DA:172,1
DA:173,0
DA:176,1
DA:178,1
DA:198,0
DA:199,0
DA:200,0
DA:201,0
DA:202,0
DA:203,0
DA:205,1
DA:223,0
DA:226,1
DA:245,0
DA:246,0
DA:249,0
DA:250,0
DA:252,0
DA:254,0
DA:256,0
DA:259,1
DA:278,0
DA:279,0
DA:282,0
DA:285,0
DA:288,0
DA:289,0
DA:292,0
DA:293,0
DA:294,0
DA:296,0
DA:297,0
DA:298,0
DA:299,0
DA:300,0
DA:301,0
DA:305,0
DA:308,0
DA:310,0
DA:312,1
DA:334,1
DA:337,1
DA:339,1
DA:358,0
DA:360,1
DA:379,0
DA:380,0
DA:382,1
DA:401,0
DA:403,1
DA:422,0
DA:424,1
DA:443,1
DA:444,0
DA:445,1
DA:447,1
DA:448,0
DA:450,1
DA:451,1
DA:452,1
DA:453,1
DA:454,1
DA:456,1
DA:474,0
DA:475,0
DA:476,0
DA:478,0
DA:479,0
DA:482,0
DA:483,0
DA:485,0
DA:486,0
DA:487,0
DA:488,0
DA:489,0
DA:491,1
DA:510,1
DA:513,1
DA:514,0
DA:517,1
DA:519,1
DA:521,1
DA:540,0
DA:541,0
DA:542,0
DA:543,0
DA:545,1
DA:565,0
DA:566,0
DA:568,0
DA:570,0
DA:571,0
DA:572,0
DA:574,0
DA:575,0
DA:576,0
DA:577,0
DA:578,0
DA:579,0
DA:580,0
DA:581,0
DA:583,0
DA:585,0
DA:587,1
DA:606,0
DA:607,0
DA:609,0
DA:611,0
DA:612,0
DA:613,0
DA:615,0
DA:617,0
DA:619,1
DA:645,0
DA:646,0
DA:649,0
DA:652,0
DA:657,0
DA:660,0
DA:661,0
DA:662,0
DA:663,0
DA:664,0
DA:665,0
DA:668,0
DA:669,0
DA:670,0
DA:671,0
DA:672,0
DA:674,0
DA:676,0
DA:678,0
DA:681,0
DA:682,0
DA:684,0
DA:686,0
DA:690,0
DA:693,0
DA:694,0
DA:697,0
DA:698,0
DA:700,0
DA:703,0
DA:705,1
DA:728,0
DA:729,0
DA:732,0
DA:735,0
DA:740,0
DA:743,0
DA:744,0
DA:745,0
DA:746,0
DA:747,0
DA:748,0
DA:750,0
DA:751,0
DA:752,0
DA:753,0
DA:756,0
DA:759,0
DA:760,0
DA:763,0
DA:764,0
DA:765,0
DA:766,0
DA:768,0
DA:772,0
DA:773,0
DA:774,0
DA:775,0
DA:776,0
DA:778,0
DA:779,0
DA:782,0
DA:783,0
DA:784,0
DA:785,0
DA:786,0
DA:788,0
DA:789,0
DA:793,0
DA:798,0
DA:801,0
DA:804,0
DA:806,1
DA:826,0
DA:827,0
DA:828,0
DA:829,0
DA:832,0
DA:833,0
DA:834,0
DA:835,0
DA:836,0
DA:838,0
DA:839,0
DA:841,0
DA:843,0
DA:844,0
DA:845,0
DA:846,0
DA:849,0
DA:850,0
DA:852,0
DA:853,0
DA:854,0
DA:859,0
DA:861,0
LF:243
LH:62
FN:48,69,Data.__getattribute__
FNDA:1,Data.__getattribute__
FN:71,95,Data.__setattr__
FNDA:1,Data.__setattr__
FN:97,120,Data.__delattr__
FNDA:0,Data.__delattr__
FN:122,140,Data.__defaults__
FNDA:0,Data.__defaults__
FN:142,176,Data.__new__
FNDA:1,Data.__new__
FN:178,203,Data.typestring
FNDA:0,Data.typestring
FN:205,223,Data.dataname
FNDA:0,Data.dataname
FN:226,256,Data.__str__
FNDA:0,Data.__str__
FN:259,310,Data.__str2
FNDA:0,Data.__str2
FN:312,337,Data.__init__
FNDA:1,Data.__init__
FN:339,358,Data.__iter__
FNDA:0,Data.__iter__
FN:360,380,Data.itervalues
FNDA:0,Data.itervalues
FN:382,401,Data.values
FNDA:0,Data.values
FN:403,422,Data.__values
FNDA:0,Data.__values
FN:424,454,Data.update
FNDA:1,Data.update
FN:456,489,Data.append_or_update
FNDA:0,Data.append_or_update
FN:491,519,Data.get_bases
FNDA:1,Data.get_bases
FN:521,543,Data.append
FNDA:0,Data.append
FN:545,585,Data.deep_set
FNDA:0,Data.deep_set
FN:587,617,Data.deep_get
FNDA:0,Data.deep_get
FN:619,703,Data.pack_array
FNDA:0,Data.pack_array
FN:660,686,Data.pack_array.do_pack
FNDA:0,Data.pack_array.do_pack
FN:705,804,Data.unpack_array
FNDA:0,Data.unpack_array
FN:743,793,Data.unpack_array.do_unpack
FNDA:0,Data.unpack_array.do_unpack
FN:806,861,Data.do_recursive
FNDA:0,Data.do_recursive
FN:832,854,Data.do_recursive.do_operation
FNDA:0,Data.do_recursive.do_operation
FNF:26
FNH:6
BRDA:170,0,jump to line 171,1
BRDA:170,0,jump to line 176,1
BRDA:200,0,jump to line 201,-
BRDA:200,0,jump to line 202,-
BRDA:249,0,jump to line 250,-
BRDA:249,0,jump to line 252,-
BRDA:285,0,jump to line 288,-
BRDA:285,0,jump to line 310,-
BRDA:288,0,jump to line 289,-
BRDA:288,0,jump to line 292,-
BRDA:292,0,jump to line 293,-
BRDA:292,0,jump to line 305,-
BRDA:293,0,jump to line 294,-
BRDA:293,0,jump to line 296,-
BRDA:379,0,jump to line 380,-
BRDA:379,0,return from function 'itervalues',-
BRDA:443,0,jump to line 444,0
BRDA:443,0,jump to line 445,1
BRDA:445,0,jump to line 447,1
BRDA:445,0,jump to line 454,1
BRDA:447,0,jump to line 448,0
BRDA:447,0,jump to line 450,1
BRDA:474,0,jump to line 475,-
BRDA:474,0,jump to line 476,-
BRDA:476,0,jump to line 478,-
BRDA:476,0,jump to line 489,-
BRDA:478,0,jump to line 479,-
BRDA:478,0,jump to line 482,-
BRDA:482,0,jump to line 483,-
BRDA:482,0,jump to line 485,-
BRDA:513,0,jump to line 514,0
BRDA:513,0,jump to line 517,1
BRDA:542,0,jump to line 543,-
BRDA:542,0,except from function 'append',-
BRDA:565,0,jump to line 566,-
BRDA:565,0,jump to line 568,-
BRDA:570,0,jump to line 571,-
BRDA:570,0,jump to line 574,-
BRDA:571,0,jump to line 572,-
BRDA:571,0,jump to line 574,-
BRDA:574,0,jump to line 575,-
BRDA:574,0,jump to line 583,-
BRDA:577,0,jump to line 578,-
BRDA:577,0,jump to line 580,-
BRDA:606,0,jump to line 607,-
BRDA:606,0,jump to line 609,-
BRDA:611,0,jump to line 612,-
BRDA:611,0,jump to line 615,-
BRDA:612,0,jump to line 613,-
BRDA:612,0,jump to line 615,-
BRDA:645,0,jump to line 646,-
BRDA:645,0,except from function 'pack_array',-
BRDA:661,0,jump to line 662,-
BRDA:661,0,return from function 'do_pack',-
BRDA:668,0,jump to line 669,-
BRDA:668,0,jump to line 671,-
BRDA:671,0,jump to line 661,-
BRDA:671,0,jump to line 672,-
BRDA:672,0,jump to line 661,-
BRDA:672,0,jump to line 674,-
BRDA:676,0,jump to line 678,-
BRDA:676,0,jump to line 681,-
BRDA:682,0,jump to line 684,-
BRDA:682,0,jump to line 686,-
BRDA:693,0,jump to line 694,-
BRDA:693,0,jump to line 697,-
BRDA:697,0,jump to line 698,-
BRDA:697,0,jump to line 700,-
BRDA:744,0,jump to line 745,-
BRDA:744,0,return from function 'do_unpack',-
BRDA:750,0,jump to line 751,-
BRDA:750,0,jump to line 753,-
BRDA:753,0,jump to line 744,-
BRDA:753,0,jump to line 756,-
BRDA:759,0,jump to line 760,-
BRDA:759,0,jump to line 763,-
BRDA:763,0,jump to line 764,-
BRDA:763,0,jump to line 772,-
BRDA:764,0,jump to line 765,-
BRDA:764,0,jump to line 768,-
BRDA:772,0,jump to line 773,-
BRDA:772,0,jump to line 782,-
BRDA:774,0,jump to line 775,-
BRDA:774,0,jump to line 778,-
BRDA:782,0,jump to line 783,-
BRDA:782,0,jump to line 793,-
BRDA:784,0,jump to line 785,-
BRDA:784,0,jump to line 788,-
BRDA:827,0,jump to line 828,-
BRDA:827,0,jump to line 829,-
BRDA:833,0,jump to line 834,-
BRDA:833,0,return from function 'do_operation',-
BRDA:834,0,jump to line 835,-
BRDA:834,0,jump to line 841,-
BRDA:835,0,jump to line 836,-
BRDA:835,0,jump to line 838,-
BRDA:843,0,jump to line 844,-
BRDA:843,0,jump to line 849,-
BRDA:849,0,jump to line 850,-
BRDA:849,0,jump to line 852,-
BRDA:853,0,jump to line 833,-
BRDA:853,0,jump to line 854,-
BRF:102
BRH:7
end_of_record
SF:RCAIDE/Framework/Core/DataOrdered.py
DA:15,1
DA:18,1
DA:19,1
DA:20,1
DA:23,1
DA:29,1
DA:39,1
DA:57,1
DA:59,1
DA:77,0
DA:78,0
DA:80,1
DA:99,0
DA:101,1
DA:119,0
DA:127,1
DA:139,1
DA:140,1
DA:142,1
DA:161,0
DA:162,0
DA:163,0
DA:164,0
DA:165,0
DA:167,1
DA:187,1
DA:205,0
DA:206,0
DA:208,0
DA:210,1
DA:229,0
DA:231,0
DA:232,0
DA:234,0
DA:235,0
DA:236,0
DA:237,0
DA:240,0
DA:243,0
DA:246,0
DA:247,0
DA:249,0
DA:251,1
DA:252,0
DA:253,0
DA:254,0
DA:255,0
DA:256,0
DA:259,1
DA:279,0
DA:282,0
DA:285,1
DA:303,0
DA:305,0
DA:308,0
DA:309,0
DA:310,0
DA:312,0
DA:313,0
DA:314,0
DA:317,0
DA:318,0
DA:319,0
DA:322,0
DA:323,0
DA:326,1
DA:344,0
DA:346,1
DA:364,0
DA:365,0
DA:368,0
DA:369,0
DA:371,0
DA:373,0
DA:375,0
DA:377,1
DA:396,0
DA:399,0
DA:400,0
DA:403,0
DA:405,0
DA:407,1
DA:425,0
DA:426,0
DA:427,0
DA:428,0
DA:429,0
DA:430,0
DA:432,1
DA:450,0
DA:452,1
DA:472,0
DA:473,0
DA:475,0
DA:477,0
DA:478,0
DA:479,0
DA:481,0
DA:483,0
DA:485,1
DA:504,0
DA:505,0
DA:507,0
DA:509,0
DA:510,0
DA:511,0
DA:513,0
DA:515,0
DA:517,1
DA:535,0
DA:536,0
DA:537,0
DA:539,0
DA:540,0
DA:542,0
DA:543,0
DA:544,0
DA:545,0
DA:546,0
DA:548,1
DA:568,0
DA:569,0
DA:570,0
DA:571,0
DA:573,1
DA:591,0
DA:592,0
DA:593,0
DA:595,1
DA:613,0
DA:615,1
DA:633,0
DA:634,0
DA:635,0
DA:636,0
DA:637,0
DA:639,1
DA:657,0
DA:658,0
DA:659,0
DA:660,0
DA:661,0
DA:663,1
DA:684,0
DA:686,0
DA:687,0
DA:688,0
DA:689,0
DA:690,0
DA:692,1
DA:711,0
DA:713,1
DA:732,0
DA:733,0
DA:736,0
DA:739,0
DA:742,0
DA:743,0
DA:746,0
DA:747,0
DA:748,0
DA:750,0
DA:751,0
DA:752,0
DA:753,0
DA:754,0
DA:755,0
DA:759,0
DA:762,0
DA:764,0
DA:766,1
DA:785,0
DA:786,0
DA:787,0
DA:788,0
DA:789,0
DA:790,0
DA:791,0
DA:793,0
DA:795,1
DA:813,0
DA:815,1
DA:833,0
DA:836,1
DA:837,1
DA:839,1
DA:857,0
DA:859,1
DA:877,0
DA:879,1
DA:897,0
DA:899,1
DA:917,0
DA:919,1
DA:937,0
DA:938,0
DA:940,1
DA:958,0
DA:959,0
DA:963,1
DA:981,0
DA:982,0
DA:983,0
LF:203
LH:49
FN:39,57,Property.__init__
FNDA:1,Property.__init__
FN:59,78,Property.__get__
FNDA:0,Property.__get__
FN:80,99,Property.__set__
FNDA:0,Property.__set__
FN:101,119,Property.__delete__
FNDA:0,Property.__delete__
FN:142,165,DataOrdered.append
FNDA:0,DataOrdered.append
FN:167,185,DataOrdered.__defaults__
FNDA:0,DataOrdered.__defaults__
FN:187,208,DataOrdered.__getitem__
FNDA:0,DataOrdered.__getitem__
FN:210,249,DataOrdered.__new__
FNDA:0,DataOrdered.__new__
FN:251,256,DataOrdered.hasattr
FNDA:0,DataOrdered.hasattr
FN:259,282,DataOrdered.__init__
FNDA:0,DataOrdered.__init__
FN:285,323,DataOrdered.__init2
FNDA:0,DataOrdered.__init2
FN:303,305,DataOrdered.__init2.append_value
FNDA:0,DataOrdered.__init2.append_value
FN:326,344,DataOrdered.__iter__
FNDA:0,DataOrdered.__iter__
FN:346,375,DataOrdered.__str__
FNDA:0,DataOrdered.__str__
FN:377,405,DataOrdered.get_bases
FNDA:0,DataOrdered.get_bases
FN:407,430,DataOrdered.typestring
FNDA:0,DataOrdered.typestring
FN:432,450,DataOrdered.dataname
FNDA:0,DataOrdered.dataname
FN:452,483,DataOrdered.deep_set
FNDA:0,DataOrdered.deep_set
FN:485,515,DataOrdered.deep_get
FNDA:0,DataOrdered.deep_get
FN:517,546,DataOrdered.update
FNDA:0,DataOrdered.update
FN:548,571,DataOrdered.__delattr__
FNDA:0,DataOrdered.__delattr__
FN:573,593,DataOrdered.__eq__
FNDA:0,DataOrdered.__eq__
FN:595,613,DataOrdered.__len__
FNDA:0,DataOrdered.__len__
FN:615,637,DataOrdered.__iter_basic__
FNDA:0,DataOrdered.__iter_basic__
FN:639,661,DataOrdered.__reduce__
FNDA:0,DataOrdered.__reduce__
FN:663,690,DataOrdered.__setattr__
FNDA:0,DataOrdered.__setattr__
FN:692,711,DataOrdered.__setitem__
FNDA:0,DataOrdered.__setitem__
FN:713,764,DataOrdered.__str2
FNDA:0,DataOrdered.__str2
FN:766,793,DataOrdered.clear
FNDA:0,DataOrdered.clear
FN:795,813,DataOrdered.get
FNDA:0,DataOrdered.get
FN:815,833,DataOrdered.has_key
FNDA:0,DataOrdered.has_key
FN:839,857,DataOrdered.keys
FNDA:0,DataOrdered.keys
FN:859,877,DataOrdered.values
FNDA:0,DataOrdered.values
FN:879,897,DataOrdered.items
FNDA:0,DataOrdered.items
FN:899,917,DataOrdered.iterkeys
FNDA:0,DataOrdered.iterkeys
FN:919,938,DataOrdered.itervalues
FNDA:0,DataOrdered.itervalues
FN:940,959,DataOrdered.iteritems
FNDA:0,DataOrdered.iteritems
FN:963,983,_reconstructor
FNDA:0,_reconstructor
FNF:38
FNH:1
BRDA:77,0,jump to line 78,-
BRDA:77,0,return from function '__get__',-
BRDA:164,0,jump to line 165,-
BRDA:164,0,except from function 'append',-
BRDA:205,0,jump to line 206,-
BRDA:205,0,jump to line 208,-
BRDA:231,0,jump to line 232,-
BRDA:231,0,jump to line 234,-
BRDA:246,0,jump to line 247,-
BRDA:246,0,jump to line 249,-
BRDA:308,0,jump to line 309,-
BRDA:308,0,jump to line 312,-
BRDA:309,0,jump to line 310,-
BRDA:309,0,jump to line 322,-
BRDA:312,0,jump to line 313,-
BRDA:312,0,jump to line 317,-
BRDA:313,0,jump to line 314,-
BRDA:313,0,jump to line 322,-
BRDA:317,0,jump to line 318,-
BRDA:317,0,jump to line 322,-
BRDA:318,0,jump to line 319,-
BRDA:318,0,jump to line 322,-
BRDA:322,0,jump to line 323,-
BRDA:322,0,return from function '__init2',-
BRDA:368,0,jump to line 369,-
BRDA:368,0,jump to line 371,-
BRDA:399,0,jump to line 400,-
BRDA:399,0,jump to line 403,-
BRDA:427,0,jump to line 428,-
BRDA:427,0,jump to line 429,-
BRDA:472,0,jump to line 473,-
BRDA:472,0,jump to line 475,-
BRDA:477,0,jump to line 478,-
BRDA:477,0,jump to line 481,-
BRDA:478,0,jump to line 479,-
BRDA:478,0,jump to line 481,-
BRDA:504,0,jump to line 505,-
BRDA:504,0,jump to line 507,-
BRDA:509,0,jump to line 510,-
BRDA:509,0,jump to line 513,-
BRDA:510,0,jump to line 511,-
BRDA:510,0,jump to line 513,-
BRDA:535,0,jump to line 536,-
BRDA:535,0,jump to line 537,-
BRDA:537,0,jump to line 539,-
BRDA:537,0,jump to line 546,-
BRDA:539,0,jump to line 540,-
BRDA:539,0,jump to line 542,-
BRDA:591,0,jump to line 592,-
BRDA:591,0,jump to line 593,-
BRDA:635,0,jump to line 636,-
BRDA:635,0,return from function '__iter_basic__',-
BRDA:659,0,jump to line 660,-
BRDA:659,0,jump to line 661,-
BRDA:684,0,jump to line 686,-
BRDA:684,0,jump to line 690,-
BRDA:739,0,jump to line 742,-
BRDA:739,0,jump to line 764,-
BRDA:742,0,jump to line 743,-
BRDA:742,0,jump to line 746,-
BRDA:746,0,jump to line 747,-
BRDA:746,0,jump to line 759,-
BRDA:747,0,jump to line 748,-
BRDA:747,0,jump to line 750,-
BRDA:786,0,jump to line 787,-
BRDA:786,0,jump to line 788,-
BRDA:937,0,jump to line 938,-
BRDA:937,0,return from function 'itervalues',-
BRDA:958,0,jump to line 959,-
BRDA:958,0,return from function 'iteritems',-
BRF:70
BRH:0
end_of_record
SF:RCAIDE/Framework/Core/Diffed_Data.py
DA:12,1
DA:13,1
DA:14,1
DA:15,1
DA:16,1
DA:23,1
DA:35,1
DA:53,0
DA:54,0
DA:55,0
DA:57,1
DA:75,0
DA:76,0
DA:77,0
DA:78,0
DA:80,1
DA:98,0
DA:99,0
DA:101,1
DA:119,0
DA:121,0
DA:122,0
DA:124,1
DA:142,0
DA:143,0
DA:144,0
DA:145,0
DA:146,0
DA:147,0
DA:148,0
DA:150,1
DA:171,0
DA:177,1
DA:188,1
DA:206,0
DA:208,0
DA:210,1
DA:228,0
DA:229,0
DA:232,1
DA:250,0
DA:251,0
DA:254,1
DA:272,0
DA:273,0
DA:281,1
DA:287,1
DA:307,0
DA:308,0
DA:309,0
DA:311,0
DA:312,0
DA:313,0
DA:315,0
DA:316,0
DA:318,0
DA:319,0
DA:320,0
DA:321,0
DA:322,0
DA:323,0
DA:324,0
DA:326,0
DA:327,0
DA:329,0
DA:330,0
DA:331,0
DA:332,0
DA:334,0
DA:335,0
DA:337,0
DA:338,0
DA:340,0
LF:73
LH:19
FN:35,55,Diffed_Data.__defaults__
FNDA:0,Diffed_Data.__defaults__
FN:57,78,Diffed_Data.__init__
FNDA:0,Diffed_Data.__init__
FN:80,99,Diffed_Data.store_diff
FNDA:0,Diffed_Data.store_diff
FN:101,122,Diffed_Data.pull_base
FNDA:0,Diffed_Data.pull_base
FN:124,148,Diffed_Data.__str__
FNDA:0,Diffed_Data.__str__
FN:150,171,Diffed_Data.finalize
FNDA:0,Diffed_Data.finalize
FN:188,208,Container.append
FNDA:0,Container.append
FN:210,230,Container.pull_base
FNDA:0,Container.pull_base
FN:232,252,Container.store_diff
FNDA:0,Container.store_diff
FN:254,274,Container.finalize
FNDA:0,Container.finalize
FN:287,340,diff
FNDA:0,diff
FNF:11
FNH:0
BRDA:228,0,jump to line 229,-
BRDA:228,0,return from function 'pull_base',-
BRDA:250,0,jump to line 251,-
BRDA:250,0,return from function 'store_diff',-
BRDA:272,0,jump to line 273,-
BRDA:272,0,return from function 'finalize',-
BRDA:311,0,jump to line 312,-
BRDA:311,0,jump to line 315,-
BRDA:318,0,jump to line 319,-
BRDA:318,0,jump to line 340,-
BRDA:321,0,jump to line 322,-
BRDA:321,0,jump to line 326,-
BRDA:323,0,jump to line 318,-
BRDA:323,0,jump to line 324,-
BRDA:326,0,jump to line 327,-
BRDA:326,0,jump to line 329,-
BRDA:329,0,jump to line 330,-
BRDA:329,0,jump to line 334,-
BRDA:331,0,jump to line 318,-
BRDA:331,0,jump to line 332,-
BRDA:334,0,jump to line 335,-
BRDA:334,0,jump to line 337,-
BRDA:337,0,jump to line 318,-
BRDA:337,0,jump to line 338,-
BRF:24
BRH:0
end_of_record
SF:RCAIDE/Framework/Core/Units.py
DA:1,1
DA:3,1
DA:16,1
DA:297,1
DA:299,1
DA:300,1
DA:301,0
DA:302,0
DA:304,1
DA:306,0
DA:307,0
DA:308,0
DA:309,0
DA:313,1
LF:14
LH:8
FN:297,302,_Units.__getattr__
FNDA:1,_Units.__getattr__
FN:304,309,_Units.__getitem__
FNDA:0,_Units.__getitem__
FNF:2
FNH:1
end_of_record
SF:RCAIDE/Framework/Core/Utilities.py
DA:12,1
DA:18,1
DA:32,0
DA:33,0
DA:36,0
DA:37,0
DA:38,0
DA:39,0
DA:41,0
DA:44,0
DA:48,0
DA:52,0
DA:53,0
DA:56,0
DA:58,0
DA:64,1
DA:85,0
DA:87,0
DA:88,0
DA:89,0
DA:90,0
DA:92,0
DA:94,0
DA:100,1
DA:120,0
DA:122,0
DA:124,0
DA:130,1
DA:151,0
DA:154,0
DA:157,0
DA:158,0
DA:159,0
DA:162,0
DA:168,1
DA:190,0
DA:191,0
DA:193,0
DA:195,0
DA:196,0
DA:197,0
DA:198,0
DA:200,0
DA:206,1
DA:228,0
DA:229,0
DA:231,0
DA:233,0
DA:234,0
DA:235,0
DA:236,0
DA:238,0
DA:244,1
DA:266,0
DA:267,0
DA:269,0
DA:271,0
DA:272,0
DA:273,0
DA:274,0
DA:276,0
DA:282,1
DA:301,0
DA:302,0
DA:304,0
DA:306,0
DA:307,0
DA:309,0
DA:311,0
LF:69
LH:9
FN:18,58,interp2d
FNDA:0,interp2d
FN:64,94,orientation_product
FNDA:0,orientation_product
FN:100,124,orientation_transpose
FNDA:0,orientation_transpose
FN:130,162,angles_to_dcms
FNDA:0,angles_to_dcms
FN:168,200,T0
FNDA:0,T0
FN:206,238,T1
FNDA:0,T1
FN:244,276,T2
FNDA:0,T2
FN:282,311,new_tensor
FNDA:0,new_tensor
FNF:8
FNH:0
BRDA:52,0,jump to line 53,-
BRDA:52,0,jump to line 58,-
BRDA:87,0,jump to line 88,-
BRDA:87,0,jump to line 89,-
BRDA:89,0,jump to line 90,-
BRDA:89,0,jump to line 92,-
BRDA:157,0,jump to line 158,-
BRDA:157,0,jump to line 162,-
BRDA:306,0,jump to line 307,-
BRDA:306,0,jump to line 309,-
BRF:10
BRH:0
end_of_record
SF:RCAIDE/Framework/Core/redirect.py
DA:11,1
DA:18,1
DA:38,1
DA:57,0
DA:58,0
DA:60,0
DA:61,0
DA:62,0
DA:63,0
DA:64,0
DA:65,0
DA:67,0
DA:68,0
DA:69,0
DA:70,0
DA:72,1
DA:73,0
DA:74,0
DA:75,0
DA:77,1
DA:78,0
DA:79,0
DA:80,0
DA:82,0
DA:83,0
DA:84,0
DA:85,0
DA:93,1
DA:132,1
DA:137,0
DA:138,0
DA:140,0
DA:141,0
DA:143,0
DA:144,0
DA:145,0
DA:147,0
DA:148,0
DA:149,0
DA:150,0
DA:151,0
DA:152,0
DA:154,1
DA:156,0
DA:157,0
DA:158,0
DA:159,0
DA:160,0
DA:161,0
DA:164,0
DA:165,0
DA:168,0
DA:169,0
DA:172,0
DA:173,0
DA:174,0
DA:175,0
DA:176,0
DA:177,0
DA:178,0
DA:179,0
DA:180,0
DA:183,0
DA:184,0
DA:185,0
DA:186,0
DA:187,0
DA:188,0
DA:189,0
DA:190,0
DA:191,0
DA:194,0
DA:197,0
DA:199,1
DA:201,0
DA:202,0
DA:203,0
DA:204,0
DA:207,0
DA:208,0
DA:211,0
DA:213,0
DA:214,0
DA:215,0
DA:218,0
DA:219,0
DA:220,0
DA:221,0
DA:222,0
DA:223,0
DA:224,0
DA:228,0
DA:229,0
DA:230,0
DA:231,0
DA:232,0
DA:235,0
DA:238,1
DA:248,0
DA:250,0
DA:252,0
DA:253,0
DA:257,0
DA:260,0
DA:261,0
DA:264,0
DA:267,0
DA:268,0
DA:269,0
DA:270,0
DA:273,0
DA:274,0
LF:112
LH:10
FN:38,70,output.__init__
FNDA:0,output.__init__
FN:72,75,output.__enter__
FNDA:0,output.__enter__
FN:77,85,output.__exit__
FNDA:0,output.__exit__
FN:132,152,folder.__init__
FNDA:0,folder.__init__
FN:154,197,folder.__enter__
FNDA:0,folder.__enter__
FN:199,235,folder.__exit__
FNDA:0,folder.__exit__
FN:238,274,make_link
FNDA:0,make_link
FNF:7
FNH:0
BRDA:60,0,jump to line 61,-
BRDA:60,0,jump to line 63,-
BRDA:63,0,jump to line 64,-
BRDA:63,0,jump to line 67,-
BRDA:82,0,jump to line 83,-
BRDA:82,0,jump to line 84,-
BRDA:84,0,jump to line 85,-
BRDA:84,0,return from function '__exit__',-
BRDA:164,0,jump to line 165,-
BRDA:164,0,jump to line 168,-
BRDA:168,0,jump to line 169,-
BRDA:168,0,jump to line 172,-
BRDA:172,0,jump to line 173,-
BRDA:172,0,jump to line 183,-
BRDA:176,0,jump to line 172,-
BRDA:176,0,jump to line 177,-
BRDA:177,0,jump to line 178,-
BRDA:177,0,jump to line 180,-
BRDA:178,0,jump to line 179,-
BRDA:178,0,jump to line 180,-
BRDA:183,0,jump to line 184,-
BRDA:183,0,jump to line 194,-
BRDA:187,0,jump to line 183,-
BRDA:187,0,jump to line 188,-
BRDA:188,0,jump to line 189,-
BRDA:188,0,jump to line 191,-
BRDA:189,0,jump to line 190,-
BRDA:189,0,jump to line 191,-
BRDA:207,0,jump to line 208,-
BRDA:207,0,jump to line 211,-
BRDA:211,0,jump to line 213,-
BRDA:211,0,jump to line 235,-
BRDA:218,0,jump to line 219,-
BRDA:218,0,jump to line 228,-
BRDA:220,0,jump to line 211,-
BRDA:220,0,jump to line 221,-
BRDA:221,0,jump to line 222,-
BRDA:221,0,jump to line 224,-
BRDA:222,0,jump to line 223,-
BRDA:222,0,jump to line 224,-
BRDA:228,0,jump to line 211,-
BRDA:228,0,jump to line 229,-
BRDA:229,0,jump to line 230,-
BRDA:229,0,jump to line 232,-
BRDA:230,0,jump to line 231,-
BRDA:230,0,jump to line 232,-
BRDA:250,0,jump to line 252,-
BRDA:250,0,jump to line 257,-
BRDA:264,0,jump to line 267,-
BRDA:264,0,return from function 'make_link',-
BRF:50
BRH:0
end_of_record
SF:RCAIDE/Framework/External_Interfaces/OpenVSP/get_fuel_tank_properties.py
DA:8,0
DA:9,0
DA:10,0
DA:11,0
DA:12,0
DA:13,0
DA:16,0
DA:17,0
DA:20,0
DA:52,0
DA:53,0
DA:56,0
DA:58,0
DA:59,0
DA:60,0
DA:61,0
DA:62,0
DA:63,0
DA:66,0
DA:67,0
DA:68,0
DA:69,0
DA:70,0
DA:72,0
DA:73,0
DA:74,0
DA:75,0
DA:76,0
DA:77,0
DA:78,0
DA:79,0
DA:80,0
DA:82,0
DA:84,0
DA:85,0
DA:87,0
DA:91,0
DA:94,0
DA:97,0
DA:130,0
DA:131,0
DA:132,0
DA:133,0
DA:134,0
DA:136,0
DA:137,0
DA:138,0
DA:139,0
DA:140,0
DA:142,0
DA:145,0
DA:165,0
DA:167,0
DA:168,0
DA:169,0
DA:171,0
DA:172,0
DA:173,0
DA:175,0
LF:59
LH:0
FN:20,94,get_fuel_tank_properties
FNDA:0,get_fuel_tank_properties
FN:97,142,apply_properties
FNDA:0,apply_properties
FN:145,175,get_fuel_tanks
FNDA:0,get_fuel_tanks
FNF:3
FNH:0
BRDA:67,0,jump to line 68,-
BRDA:67,0,jump to line 91,-
BRDA:70,0,jump to line 67,-
BRDA:70,0,jump to line 72,-
BRDA:77,0,jump to line 78,-
BRDA:77,0,jump to line 82,-
BRDA:130,0,jump to line 131,-
BRDA:130,0,jump to line 136,-
BRDA:131,0,jump to line 130,-
BRDA:131,0,jump to line 132,-
BRDA:136,0,jump to line 137,-
BRDA:136,0,jump to line 142,-
BRDA:137,0,jump to line 136,-
BRDA:137,0,jump to line 138,-
BRDA:167,0,jump to line 168,-
BRDA:167,0,jump to line 171,-
BRDA:168,0,jump to line 167,-
BRDA:168,0,jump to line 169,-
BRDA:171,0,jump to line 172,-
BRDA:171,0,jump to line 175,-
BRDA:172,0,jump to line 171,-
BRDA:172,0,jump to line 173,-
BRF:22
BRH:0
end_of_record
SF:RCAIDE/Framework/External_Interfaces/OpenVSP/get_vsp_measurements.py
DA:10,1
DA:11,1
DA:12,1
DA:13,1
DA:14,1
DA:15,1
DA:18,1
DA:21,1
DA:46,0
DA:47,0
DA:48,0
DA:49,0
DA:53,0
DA:55,0
DA:56,0
DA:57,0
DA:58,0
DA:59,0
DA:61,0
DA:62,0
DA:64,0
DA:66,0
DA:69,0
DA:70,0
DA:72,0
DA:73,0
DA:75,0
DA:76,0
DA:77,0
DA:78,0
DA:79,0
DA:80,0
DA:82,0
DA:84,0
LF:34
LH:8
FN:21,84,get_vsp_measurements
FNDA:0,get_vsp_measurements
FNF:1
FNH:0
BRDA:46,0,jump to line 47,-
BRDA:46,0,jump to line 48,-
BRDA:69,0,jump to line 70,-
BRDA:69,0,jump to line 82,-
BRDA:72,0,jump to line 73,-
BRDA:72,0,jump to line 75,-
BRDA:78,0,jump to line 79,-
BRDA:78,0,jump to line 80,-
BRF:8
BRH:0
end_of_record
SF:RCAIDE/Framework/External_Interfaces/OpenVSP/mach_slices.py
DA:10,1
DA:12,1
DA:13,1
DA:14,1
DA:15,1
DA:16,1
DA:17,1
DA:20,1
DA:26,1
DA:55,0
DA:57,0
DA:58,0
DA:60,0
DA:62,0
DA:64,0
DA:65,0
DA:67,0
DA:71,0
DA:72,0
DA:75,0
DA:76,0
DA:79,0
DA:82,0
DA:83,0
DA:84,0
DA:86,0
DA:87,0
DA:89,0
DA:90,0
DA:91,0
DA:93,0
DA:94,0
DA:96,0
DA:98,0
DA:99,0
DA:100,0
DA:103,0
DA:104,0
DA:107,0
DA:108,0
DA:110,0
LF:41
LH:9
FN:26,110,mach_slices
FNDA:0,mach_slices
FNF:1
FNH:0
BRDA:60,0,jump to line 62,-
BRDA:60,0,jump to line 110,-
BRDA:64,0,jump to line 65,-
BRDA:64,0,jump to line 67,-
BRDA:89,0,jump to line 90,-
BRDA:89,0,jump to line 93,-
BRDA:98,0,jump to line 99,-
BRDA:98,0,jump to line 103,-
BRF:8
BRH:0
end_of_record
SF:RCAIDE/Framework/External_Interfaces/OpenVSP/vsp_fuselage.py
DA:13,1
DA:14,1
DA:15,1
DA:16,1
DA:17,1
DA:18,1
DA:19,1
DA:20,1
DA:21,1
DA:29,1
DA:88,0
DA:90,0
DA:91,0
DA:92,0
DA:93,0
DA:94,0
DA:95,0
DA:97,0
DA:98,0
DA:100,0
DA:102,0
DA:103,0
DA:105,0
DA:106,0
DA:108,0
DA:109,0
DA:110,0
DA:112,0
DA:113,0
DA:114,0
DA:117,0
DA:118,0
DA:119,0
DA:120,0
DA:121,0
DA:127,0
DA:129,0
DA:130,0
DA:131,0
DA:132,0
DA:135,0
DA:136,0
DA:138,0
DA:139,0
DA:140,0
DA:141,0
DA:142,0
DA:144,0
DA:145,0
DA:146,0
DA:147,0
DA:149,0
DA:150,0
DA:151,0
DA:152,0
DA:153,0
DA:155,0
DA:156,0
DA:158,0
DA:159,0
DA:160,0
DA:162,0
DA:164,0
DA:165,0
DA:166,0
DA:168,0
DA:169,0
DA:170,0
DA:172,0
DA:174,0
DA:175,0
DA:177,0
DA:179,0
DA:183,1
DA:232,0
DA:233,0
DA:234,0
DA:235,0
DA:236,0
DA:237,0
DA:238,0
DA:239,0
DA:240,0
DA:242,0
DA:243,0
DA:244,0
DA:245,0
DA:246,0
DA:247,0
DA:248,0
DA:249,0
DA:251,0
DA:252,0
DA:253,0
DA:254,0
DA:256,0
DA:257,0
DA:258,0
DA:259,0
DA:263,0
DA:264,0
DA:265,0
DA:267,0
DA:270,0
DA:271,0
DA:272,0
DA:273,0
DA:274,0
DA:275,0
DA:276,0
DA:277,0
DA:278,0
DA:279,0
DA:281,0
DA:283,0
DA:284,0
DA:285,0
DA:287,0
DA:290,0
DA:291,0
DA:292,0
DA:294,0
DA:295,0
DA:296,0
DA:299,0
DA:300,0
DA:303,0
DA:306,0
DA:307,0
DA:308,0
DA:309,0
DA:310,0
DA:311,0
DA:312,0
DA:313,0
DA:314,0
DA:323,0
DA:324,0
DA:329,0
DA:330,0
DA:331,0
DA:332,0
DA:333,0
DA:334,0
DA:335,0
DA:336,0
DA:337,0
DA:338,0
DA:339,0
DA:340,0
DA:341,0
DA:344,0
DA:345,0
DA:346,0
DA:347,0
DA:349,0
DA:350,0
DA:351,0
DA:355,0
DA:356,0
DA:357,0
DA:358,0
DA:359,0
DA:360,0
DA:361,0
DA:362,0
DA:363,0
DA:366,0
DA:367,0
DA:368,0
DA:369,0
DA:370,0
DA:372,0
DA:373,0
DA:374,0
DA:375,0
DA:376,0
DA:377,0
DA:379,0
DA:380,0
DA:381,0
DA:382,0
DA:385,0
DA:386,0
DA:387,0
DA:388,0
DA:390,0
DA:391,0
DA:392,0
DA:393,0
DA:394,0
DA:395,0
DA:396,0
DA:398,0
DA:399,0
DA:400,0
DA:401,0
DA:402,0
DA:405,0
DA:406,0
DA:407,0
DA:408,0
DA:409,0
DA:412,0
DA:413,0
DA:414,0
DA:415,0
DA:418,0
DA:419,0
DA:423,0
DA:424,0
DA:425,0
DA:427,0
DA:429,0
DA:432,1
DA:455,0
DA:456,0
DA:457,0
DA:458,0
DA:459,0
DA:460,0
DA:461,0
DA:462,0
DA:464,0
DA:465,0
DA:466,0
DA:467,0
DA:469,0
DA:470,0
DA:471,0
DA:472,0
DA:474,0
DA:475,0
DA:476,0
DA:478,0
DA:479,0
DA:480,0
DA:481,0
DA:482,0
DA:483,0
DA:484,0
DA:486,0
DA:488,1
DA:511,0
DA:512,0
DA:513,0
DA:514,0
DA:515,0
DA:516,0
DA:519,0
DA:520,0
DA:521,0
DA:522,0
DA:523,0
DA:524,0
DA:526,0
DA:528,1
DA:548,0
DA:549,0
DA:551,0
DA:552,0
DA:553,0
DA:554,0
DA:555,0
DA:556,0
DA:557,0
DA:558,0
DA:561,1
DA:581,0
DA:582,0
DA:583,0
DA:584,0
DA:585,0
DA:586,0
DA:587,0
DA:588,0
DA:589,0
DA:590,0
DA:591,0
DA:592,0
DA:593,0
DA:595,0
DA:596,0
DA:597,0
DA:601,1
DA:632,0
DA:633,0
DA:634,0
DA:635,0
DA:636,0
DA:637,0
DA:638,0
DA:639,0
DA:641,0
DA:642,0
DA:646,0
DA:647,0
DA:648,0
DA:649,0
DA:650,0
DA:651,0
DA:653,0
DA:654,0
DA:655,0
DA:656,0
DA:657,0
DA:658,0
DA:660,0
DA:661,0
DA:662,0
DA:663,0
DA:665,0
DA:668,0
DA:669,0
DA:670,0
DA:673,0
DA:676,0
DA:678,0
LF:318
LH:16
FN:29,179,read_vsp_fuselage
FNDA:0,read_vsp_fuselage
FN:183,429,write_vsp_fuselage
FNDA:0,write_vsp_fuselage
FN:432,486,set_section_angles
FNDA:0,set_section_angles
FN:488,526,compute_fuselage_fineness
FNDA:0,compute_fuselage_fineness
FN:528,558,get_fuselage_height
FNDA:0,get_fuselage_height
FN:561,597,find_fuse_u_coordinate
FNDA:0,find_fuse_u_coordinate
FN:601,678,write_fuselage_conformal_fuel_tank
FNDA:0,write_fuselage_conformal_fuel_tank
FNF:7
FNH:0
BRDA:90,0,jump to line 91,-
BRDA:90,0,jump to line 92,-
BRDA:92,0,jump to line 93,-
BRDA:92,0,jump to line 94,-
BRDA:94,0,jump to line 95,-
BRDA:94,0,jump to line 97,-
BRDA:97,0,jump to line 98,-
BRDA:97,0,jump to line 100,-
BRDA:102,0,jump to line 103,-
BRDA:102,0,jump to line 105,-
BRDA:127,0,jump to line 129,-
BRDA:127,0,jump to line 164,-
BRDA:149,0,jump to line 150,-
BRDA:149,0,jump to line 155,-
BRDA:240,0,jump to line 242,-
BRDA:240,0,jump to line 270,-
BRDA:252,0,jump to line 253,-
BRDA:252,0,jump to line 256,-
BRDA:275,0,jump to line 276,-
BRDA:275,0,jump to line 281,-
BRDA:299,0,jump to line 300,-
BRDA:299,0,jump to line 329,-
BRDA:312,0,jump to line 313,-
BRDA:312,0,jump to line 323,-
BRDA:329,0,jump to line 330,-
BRDA:329,0,jump to line 344,-
BRDA:356,0,jump to line 357,-
BRDA:356,0,jump to line 363,-
BRDA:360,0,jump to line 361,-
BRDA:360,0,jump to line 363,-
BRDA:363,0,jump to line 366,-
BRDA:363,0,jump to line 368,-
BRDA:368,0,jump to line 369,-
BRDA:368,0,jump to line 370,-
BRDA:370,0,jump to line 372,-
BRDA:370,0,jump to line 379,-
BRDA:385,0,jump to line 386,-
BRDA:385,0,jump to line 412,-
BRDA:423,0,jump to line 424,-
BRDA:423,0,jump to line 427,-
BRDA:424,0,jump to line 425,-
BRDA:424,0,jump to line 427,-
BRDA:548,0,jump to line 549,-
BRDA:548,0,jump to line 558,-
BRDA:549,0,jump to line 548,-
BRDA:549,0,jump to line 551,-
BRDA:585,0,jump to line 586,-
BRDA:585,0,jump to line 597,-
BRDA:592,0,jump to line 593,-
BRDA:592,0,jump to line 595,-
BRF:50
BRH:0
end_of_record
SF:RCAIDE/Framework/External_Interfaces/OpenVSP/vsp_nacelle.py
DA:10,1
DA:11,1
DA:12,1
DA:13,1
DA:14,1
DA:15,1
DA:16,1
DA:17,1
DA:18,1
DA:25,1
DA:59,0
DA:60,0
DA:64,0
DA:65,0
DA:66,0
DA:67,0
DA:68,0
DA:69,0
DA:70,0
DA:71,0
DA:72,0
DA:73,0
DA:74,0
DA:75,0
DA:77,0
DA:78,0
DA:79,0
DA:80,0
DA:81,0
DA:84,0
DA:85,0
DA:86,0
DA:87,0
DA:88,0
DA:89,0
DA:90,0
DA:91,0
DA:92,0
DA:94,0
DA:95,0
DA:96,0
DA:97,0
DA:98,0
DA:100,0
DA:101,0
DA:102,0
DA:103,0
DA:104,0
DA:105,0
DA:106,0
DA:107,0
DA:109,0
DA:110,0
DA:112,0
DA:113,0
DA:114,0
DA:115,0
DA:116,0
DA:117,0
DA:118,0
DA:119,0
DA:120,0
DA:121,0
DA:124,0
DA:125,0
DA:126,0
DA:127,0
DA:128,0
DA:129,0
DA:130,0
DA:132,0
DA:136,0
DA:137,0
DA:138,0
DA:139,0
DA:140,0
DA:141,0
DA:144,0
DA:145,0
DA:148,0
DA:149,0
DA:150,0
DA:151,0
DA:152,0
DA:153,0
DA:154,0
DA:155,0
DA:156,0
DA:159,0
DA:160,0
DA:161,0
DA:163,0
DA:165,0
DA:166,0
DA:167,0
DA:169,0
DA:170,0
DA:171,0
DA:172,0
DA:174,0
DA:175,0
DA:176,0
DA:177,0
DA:178,0
DA:179,0
DA:180,0
DA:181,0
DA:182,0
DA:184,0
DA:185,0
DA:186,0
DA:187,0
DA:188,0
DA:190,0
DA:191,0
DA:192,0
DA:193,0
DA:194,0
DA:196,0
DA:198,0
DA:199,0
DA:203,1
DA:236,0
DA:238,0
DA:239,0
DA:240,0
DA:241,0
DA:242,0
DA:243,0
DA:245,0
DA:246,0
DA:248,0
DA:250,0
DA:251,0
DA:252,0
DA:253,0
DA:254,0
DA:255,0
DA:257,0
DA:259,0
DA:260,0
DA:261,0
DA:262,0
DA:263,0
DA:264,0
DA:265,0
DA:266,0
DA:267,0
DA:269,0
DA:271,0
DA:272,0
DA:273,0
DA:276,0
DA:277,0
DA:278,0
DA:280,0
DA:281,0
DA:282,0
DA:284,0
DA:285,0
DA:286,0
DA:288,0
DA:289,0
DA:290,0
DA:292,0
DA:293,0
DA:295,0
DA:296,0
DA:297,0
DA:298,0
DA:299,0
DA:301,0
DA:302,0
DA:303,0
DA:304,0
DA:306,0
DA:308,0
DA:310,0
DA:311,0
DA:312,0
DA:313,0
DA:314,0
DA:315,0
DA:316,0
DA:319,0
DA:320,0
DA:321,0
DA:322,0
DA:323,0
DA:324,0
DA:326,0
DA:327,0
DA:329,0
DA:330,0
DA:332,0
DA:333,0
DA:334,0
DA:335,0
DA:336,0
DA:337,0
DA:338,0
DA:339,0
DA:341,0
DA:342,0
DA:343,0
DA:344,0
DA:346,0
DA:347,0
DA:348,0
DA:349,0
DA:350,0
DA:352,0
DA:353,0
DA:354,0
DA:356,0
DA:357,0
DA:358,0
DA:359,0
DA:360,0
DA:361,0
DA:362,0
DA:364,0
DA:365,0
DA:366,0
DA:368,0
DA:369,0
DA:370,0
DA:371,0
DA:373,0
LF:229
LH:11
FN:25,199,write_vsp_nacelle
FNDA:0,write_vsp_nacelle
FN:203,373,read_vsp_nacelle
FNDA:0,read_vsp_nacelle
FNF:2
FNH:0
BRDA:77,0,jump to line 78,-
BRDA:77,0,jump to line 144,-
BRDA:78,0,jump to line 79,-
BRDA:78,0,jump to line 80,-
BRDA:101,0,jump to line 102,-
BRDA:101,0,jump to line 112,-
BRDA:105,0,jump to line 106,-
BRDA:105,0,jump to line 109,-
BRDA:115,0,jump to line 116,-
BRDA:115,0,jump to line 118,-
BRDA:119,0,jump to line 120,-
BRDA:119,0,jump to line 132,-
BRDA:160,0,jump to line 161,-
BRDA:160,0,jump to line 163,-
BRDA:165,0,jump to line 166,-
BRDA:165,0,jump to line 184,-
BRDA:166,0,jump to line 167,-
BRDA:166,0,jump to line 169,-
BRDA:186,0,jump to line 187,-
BRDA:186,0,jump to line 190,-
BRDA:238,0,jump to line 239,-
BRDA:238,0,jump to line 240,-
BRDA:240,0,jump to line 241,-
BRDA:240,0,jump to line 242,-
BRDA:242,0,jump to line 243,-
BRDA:242,0,jump to line 245,-
BRDA:245,0,jump to line 246,-
BRDA:245,0,jump to line 248,-
BRDA:257,0,jump to line 259,-
BRDA:257,0,jump to line 319,-
BRDA:269,0,jump to line 271,-
BRDA:269,0,jump to line 310,-
BRDA:295,0,jump to line 296,-
BRDA:295,0,jump to line 301,-
BRDA:298,0,jump to line 299,-
BRDA:298,0,jump to line 306,-
BRDA:303,0,jump to line 304,-
BRDA:303,0,jump to line 306,-
BRDA:313,0,jump to line 314,-
BRDA:313,0,jump to line 373,-
BRDA:319,0,jump to line 320,-
BRDA:319,0,jump to line 373,-
BRDA:323,0,jump to line 324,-
BRDA:323,0,jump to line 326,-
BRDA:332,0,jump to line 333,-
BRDA:332,0,jump to line 346,-
BRDA:346,0,jump to line 347,-
BRDA:346,0,jump to line 356,-
BRDA:347,0,jump to line 348,-
BRDA:347,0,jump to line 352,-
BRDA:356,0,jump to line 357,-
BRDA:356,0,jump to line 368,-
BRDA:361,0,jump to line 362,-
BRDA:361,0,jump to line 364,-
BRF:54
BRH:0
end_of_record
SF:RCAIDE/Framework/External_Interfaces/OpenVSP/vsp_propeller.py
DA:10,1
DA:11,1
DA:12,1
DA:13,1
DA:14,1
DA:15,1
DA:16,1
DA:17,1
DA:18,1
DA:19,1
DA:20,1
DA:25,1
DA:26,1
DA:34,1
DA:93,0
DA:95,0
DA:98,0
DA:101,0
DA:102,0
DA:103,0
DA:104,0
DA:105,0
DA:106,0
DA:109,0
DA:110,0
DA:111,0
DA:112,0
DA:114,0
DA:117,0
DA:118,0
DA:121,0
DA:122,0
DA:123,0
DA:124,0
DA:127,0
DA:128,0
DA:129,0
DA:130,0
DA:133,0
DA:134,0
DA:135,0
DA:136,0
DA:137,0
DA:140,0
DA:141,0
DA:142,0
DA:144,0
DA:145,0
DA:146,0
DA:147,0
DA:149,0
DA:150,0
DA:152,0
DA:153,0
DA:154,0
DA:155,0
DA:157,0
DA:159,0
DA:161,0
DA:162,0
DA:163,0
DA:164,0
DA:165,0
DA:166,0
DA:167,0
DA:170,0
DA:171,0
DA:172,0
DA:173,0
DA:174,0
DA:175,0
DA:178,0
DA:183,0
DA:184,0
DA:186,0
DA:189,1
DA:204,0
DA:205,0
DA:206,0
DA:208,0
DA:210,0
DA:213,0
DA:215,0
DA:220,1
DA:236,0
DA:248,0
DA:249,0
DA:250,0
DA:251,0
DA:252,0
DA:253,0
DA:254,0
DA:255,0
DA:256,0
DA:257,0
DA:258,0
DA:259,0
DA:261,0
DA:264,0
DA:265,0
DA:267,0
DA:270,1
DA:286,0
DA:289,0
DA:290,0
DA:291,0
DA:292,0
DA:293,0
DA:294,0
DA:295,0
DA:296,0
DA:297,0
DA:298,0
DA:299,0
DA:300,0
DA:301,0
DA:304,0
DA:305,0
DA:306,0
DA:310,0
DA:312,0
DA:315,1
DA:332,0
DA:333,0
DA:334,0
DA:335,0
DA:336,0
DA:337,0
DA:339,0
DA:340,0
DA:342,0
DA:343,0
DA:344,0
DA:345,0
LF:134
LH:18
FN:34,186,read_vsp_propeller
FNDA:0,read_vsp_propeller
FN:189,215,write_vsp_propeller_bem
FNDA:0,write_vsp_propeller_bem
FN:220,267,make_header_text
FNDA:0,make_header_text
FN:270,312,make_section_text
FNDA:0,make_section_text
FN:315,345,make_airfoil_text
FNDA:0,make_airfoil_text
FNF:5
FNH:0
BRDA:93,0,jump to line 95,-
BRDA:93,0,jump to line 98,-
BRDA:101,0,jump to line 102,-
BRDA:101,0,jump to line 103,-
BRDA:103,0,jump to line 104,-
BRDA:103,0,jump to line 105,-
BRDA:105,0,jump to line 106,-
BRDA:105,0,jump to line 109,-
BRDA:109,0,jump to line 110,-
BRDA:109,0,jump to line 114,-
BRDA:135,0,jump to line 136,-
BRDA:135,0,jump to line 140,-
BRDA:153,0,jump to line 154,-
BRDA:153,0,jump to line 157,-
BRDA:183,0,jump to line 184,-
BRDA:183,0,jump to line 186,-
BRDA:305,0,jump to line 306,-
BRDA:305,0,jump to line 312,-
BRDA:335,0,jump to line 336,-
BRDA:335,0,jump to line 345,-
BRDA:342,0,jump to line 335,-
BRDA:342,0,jump to line 343,-
BRF:22
BRH:0
end_of_record
SF:RCAIDE/Framework/External_Interfaces/OpenVSP/vsp_read.py
DA:15,0
DA:16,0
DA:17,0
DA:18,0
DA:19,0
DA:20,0
DA:21,0
DA:24,0
DA:26,0
DA:27,0
DA:28,0
DA:29,0
DA:30,0
DA:31,0
DA:42,0
DA:132,0
DA:133,0
DA:135,0
DA:136,0
DA:137,0
DA:138,0
DA:139,0
DA:141,0
DA:142,0
DA:144,0
DA:145,0
DA:147,0
DA:148,0
DA:149,0
DA:150,0
DA:152,0
DA:157,0
DA:161,0
DA:162,0
DA:163,0
DA:164,0
DA:168,0
DA:169,0
DA:170,0
DA:171,0
DA:172,0
DA:173,0
DA:174,0
DA:175,0
DA:181,0
DA:182,0
DA:183,0
DA:185,0
DA:186,0
DA:187,0
DA:188,0
DA:189,0
DA:190,0
DA:191,0
DA:192,0
DA:193,0
DA:198,0
DA:199,0
DA:200,0
DA:201,0
DA:202,0
DA:203,0
DA:205,0
DA:206,0
DA:207,0
DA:208,0
DA:210,0
DA:211,0
DA:213,0
DA:218,0
DA:219,0
DA:220,0
DA:221,0
DA:222,0
DA:227,0
DA:228,0
DA:229,0
DA:230,0
DA:231,0
DA:237,0
DA:238,0
DA:239,0
DA:240,0
DA:241,0
DA:242,0
DA:243,0
DA:244,0
DA:245,0
DA:246,0
DA:248,0
DA:249,0
DA:250,0
DA:251,0
DA:252,0
DA:255,0
DA:256,0
DA:258,0
DA:259,0
DA:260,0
DA:261,0
DA:262,0
DA:264,0
DA:265,0
DA:267,0
DA:271,0
DA:272,0
DA:273,0
DA:274,0
DA:275,0
DA:277,0
DA:279,0
LF:111
LH:0
FN:42,279,vsp_read
FNDA:0,vsp_read
FNF:1
FNH:0
BRDA:147,0,jump to line 148,-
BRDA:147,0,jump to line 149,-
BRDA:149,0,jump to line 150,-
BRDA:149,0,jump to line 152,-
BRDA:161,0,jump to line 162,-
BRDA:161,0,jump to line 168,-
BRDA:168,0,jump to line 169,-
BRDA:168,0,jump to line 181,-
BRDA:170,0,jump to line 171,-
BRDA:170,0,jump to line 172,-
BRDA:172,0,jump to line 173,-
BRDA:172,0,jump to line 174,-
BRDA:174,0,jump to line 175,-
BRDA:174,0,jump to line 181,-
BRDA:181,0,jump to line 182,-
BRDA:181,0,jump to line 198,-
BRDA:185,0,jump to line 186,-
BRDA:185,0,jump to line 187,-
BRDA:187,0,jump to line 188,-
BRDA:187,0,jump to line 189,-
BRDA:189,0,jump to line 190,-
BRDA:189,0,jump to line 191,-
BRDA:191,0,jump to line 181,-
BRDA:191,0,jump to line 192,-
BRDA:198,0,jump to line 199,-
BRDA:198,0,jump to line 218,-
BRDA:201,0,jump to line 202,-
BRDA:201,0,jump to line 205,-
BRDA:207,0,jump to line 198,-
BRDA:207,0,jump to line 208,-
BRDA:210,0,jump to line 211,-
BRDA:210,0,jump to line 213,-
BRDA:218,0,jump to line 219,-
BRDA:218,0,jump to line 227,-
BRDA:220,0,jump to line 221,-
BRDA:220,0,jump to line 222,-
BRDA:227,0,jump to line 228,-
BRDA:227,0,jump to line 237,-
BRDA:229,0,jump to line 230,-
BRDA:229,0,jump to line 231,-
BRDA:241,0,jump to line 242,-
BRDA:241,0,jump to line 264,-
BRDA:244,0,jump to line 245,-
BRDA:244,0,jump to line 255,-
BRDA:248,0,jump to line 241,-
BRDA:248,0,jump to line 249,-
BRDA:258,0,jump to line 241,-
BRDA:258,0,jump to line 259,-
BRDA:264,0,jump to line 265,-
BRDA:264,0,jump to line 267,-
BRDA:271,0,jump to line 272,-
BRDA:271,0,jump to line 277,-
BRF:52
BRH:0
end_of_record
SF:RCAIDE/Framework/External_Interfaces/OpenVSP/vsp_wing.py
DA:14,1
DA:15,1
DA:16,1
DA:17,1
DA:18,1
DA:20,1
DA:21,1
DA:22,1
DA:23,1
DA:24,1
DA:25,1
DA:26,1
DA:27,1
DA:31,1
DA:32,1
DA:40,1
DA:89,0
DA:90,0
DA:91,0
DA:92,0
DA:93,0
DA:94,0
DA:95,0
DA:98,0
DA:99,0
DA:101,0
DA:104,0
DA:105,0
DA:106,0
DA:107,0
DA:108,0
DA:109,0
DA:112,0
DA:113,0
DA:114,0
DA:115,0
DA:117,0
DA:119,0
DA:120,0
DA:122,0
DA:123,0
DA:127,0
DA:128,0
DA:129,0
DA:132,0
DA:133,0
DA:136,0
DA:137,0
DA:139,0
DA:142,0
DA:143,0
DA:144,0
DA:145,0
DA:148,0
DA:149,0
DA:151,0
DA:152,0
DA:154,0
DA:156,0
DA:158,0
DA:159,0
DA:160,0
DA:161,0
DA:162,0
DA:165,0
DA:166,0
DA:167,0
DA:168,0
DA:174,0
DA:177,0
DA:179,0
DA:181,0
DA:182,0
DA:183,0
DA:184,0
DA:185,0
DA:186,0
DA:188,0
DA:189,0
DA:190,0
DA:191,0
DA:193,0
DA:194,0
DA:196,0
DA:197,0
DA:198,0
DA:199,0
DA:200,0
DA:202,0
DA:203,0
DA:206,0
DA:207,0
DA:209,0
DA:210,0
DA:211,0
DA:213,0
DA:216,0
DA:217,0
DA:218,0
DA:219,0
DA:220,0
DA:222,0
DA:223,0
DA:225,0
DA:227,0
DA:228,0
DA:229,0
DA:230,0
DA:231,0
DA:233,0
DA:234,0
DA:235,0
DA:236,0
DA:237,0
DA:238,0
DA:239,0
DA:240,0
DA:243,0
DA:244,0
DA:248,0
DA:249,0
DA:250,0
DA:251,0
DA:253,0
DA:255,0
DA:258,0
DA:259,0
DA:260,0
DA:262,0
DA:263,0
DA:264,0
DA:265,0
DA:267,0
DA:268,0
DA:271,0
DA:274,0
DA:275,0
DA:276,0
DA:279,0
DA:286,0
DA:287,0
DA:288,0
DA:289,0
DA:290,0
DA:291,0
DA:292,0
DA:295,0
DA:296,0
DA:297,0
DA:298,0
DA:301,0
DA:302,0
DA:303,0
DA:304,0
DA:305,0
DA:306,0
DA:307,0
DA:310,0
DA:314,0
DA:315,0
DA:318,0
DA:319,0
DA:320,0
DA:321,0
DA:322,0
DA:325,0
DA:326,0
DA:329,0
DA:330,0
DA:331,0
DA:334,0
DA:336,0
DA:340,0
DA:343,0
DA:344,0
DA:345,0
DA:346,0
DA:347,0
DA:348,0
DA:349,0
DA:350,0
DA:351,0
DA:352,0
DA:353,0
DA:354,0
DA:355,0
DA:358,0
DA:359,0
DA:360,0
DA:361,0
DA:362,0
DA:363,0
DA:364,0
DA:365,0
DA:367,0
DA:368,0
DA:370,0
DA:371,0
DA:373,0
DA:374,0
DA:377,0
DA:380,0
DA:381,0
DA:383,0
DA:384,0
DA:387,0
DA:388,0
DA:391,0
DA:392,0
DA:395,0
DA:396,0
DA:398,0
DA:399,0
DA:400,0
DA:401,0
DA:403,0
DA:404,0
DA:405,0
DA:407,0
DA:411,1
DA:451,0
DA:452,0
DA:453,0
DA:454,0
DA:455,0
DA:457,0
DA:458,0
DA:459,0
DA:460,0
DA:461,0
DA:462,0
DA:463,0
DA:464,0
DA:465,0
DA:466,0
DA:469,0
DA:470,0
DA:472,0
DA:475,0
DA:476,0
DA:477,0
DA:480,0
DA:481,0
DA:485,0
DA:486,0
DA:487,0
DA:490,0
DA:491,0
DA:492,0
DA:493,0
DA:494,0
DA:496,0
DA:497,0
DA:498,0
DA:501,0
DA:504,0
DA:507,0
DA:508,0
DA:511,0
DA:512,0
DA:513,0
DA:515,0
DA:518,0
DA:519,0
DA:541,0
DA:542,0
DA:543,0
DA:544,0
DA:545,0
DA:546,0
DA:548,0
DA:550,0
DA:551,0
DA:552,0
DA:553,0
DA:555,0
DA:557,0
DA:559,0
DA:560,0
DA:561,0
DA:562,0
DA:563,0
DA:564,0
DA:565,0
DA:566,0
DA:567,0
DA:568,0
DA:569,0
DA:571,0
DA:572,0
DA:573,0
DA:574,0
DA:575,0
DA:576,0
DA:577,0
DA:578,0
DA:579,0
DA:580,0
DA:583,0
DA:584,0
DA:587,0
DA:590,0
DA:591,0
DA:592,0
DA:593,0
DA:594,0
DA:596,0
DA:598,0
DA:600,0
DA:601,0
DA:602,0
DA:603,0
DA:605,0
DA:607,0
DA:611,0
DA:613,0
DA:614,0
DA:617,0
DA:618,0
DA:619,0
DA:620,0
DA:621,0
DA:622,0
DA:623,0
DA:624,0
DA:625,0
DA:628,0
DA:629,0
DA:631,0
DA:634,0
DA:635,0
DA:636,0
DA:637,0
DA:638,0
DA:639,0
DA:641,0
DA:647,0
DA:650,0
DA:651,0
DA:652,0
DA:653,0
DA:654,0
DA:655,0
DA:658,0
DA:659,0
DA:660,0
DA:661,0
DA:662,0
DA:665,0
DA:666,0
DA:668,0
DA:670,0
DA:671,0
DA:672,0
DA:674,0
DA:675,0
DA:676,0
DA:677,0
DA:678,0
DA:680,0
DA:682,0
DA:683,0
DA:684,0
DA:685,0
DA:688,0
DA:689,0
DA:691,0
DA:692,0
DA:693,0
DA:695,0
DA:697,0
DA:698,0
DA:699,0
DA:702,0
DA:703,0
DA:704,0
DA:706,0
DA:708,0
DA:712,1
DA:734,0
DA:735,0
DA:738,0
DA:739,0
DA:740,0
DA:743,0
DA:745,0
DA:747,0
DA:749,0
DA:750,0
DA:753,0
DA:754,0
DA:755,0
DA:756,0
DA:757,0
DA:758,0
DA:760,0
DA:765,0
DA:766,0
DA:769,0
DA:770,0
DA:772,0
DA:773,0
DA:775,0
DA:776,0
DA:779,0
DA:782,0
DA:783,0
DA:787,0
DA:788,0
DA:789,0
DA:790,0
DA:791,0
DA:792,0
DA:793,0
DA:794,0
DA:795,0
DA:796,0
DA:798,0
DA:801,1
DA:831,0
DA:832,0
DA:833,0
DA:834,0
DA:835,0
DA:836,0
DA:837,0
DA:838,0
DA:839,0
DA:840,0
DA:842,0
DA:843,0
DA:844,0
DA:845,0
DA:846,0
DA:848,0
DA:850,0
DA:851,0
DA:854,0
DA:856,0
DA:857,0
DA:858,0
DA:859,0
DA:860,0
DA:861,0
DA:862,0
DA:863,0
DA:864,0
DA:865,0
DA:866,0
DA:868,0
DA:869,0
DA:873,0
DA:874,0
DA:875,0
DA:877,0
DA:878,0
DA:879,0
DA:882,0
DA:883,0
DA:884,0
DA:885,0
DA:886,0
DA:887,0
DA:888,0
DA:889,0
DA:892,0
DA:893,0
DA:894,0
DA:897,0
DA:898,0
DA:901,0
DA:907,0
DA:908,0
DA:909,0
DA:912,0
DA:915,0
DA:917,0
DA:920,1
DA:941,0
DA:942,0
DA:944,0
DA:945,0
DA:946,0
DA:948,0
DA:952,1
DA:975,0
DA:978,0
DA:981,0
LF:488
LH:21
FN:40,407,read_vsp_wing
FNDA:0,read_vsp_wing
FN:411,708,write_vsp_wing
FNDA:0,write_vsp_wing
FN:712,798,write_vsp_control_surface
FNDA:0,write_vsp_control_surface
FN:801,917,write_wing_conformal_fuel_tank
FNDA:0,write_wing_conformal_fuel_tank
FN:920,948,get_vsp_trim_from_RCAIDE_trim
FNDA:0,get_vsp_trim_from_RCAIDE_trim
FN:952,981,convert_sweep
FNDA:0,convert_sweep
FNF:6
FNH:0
BRDA:91,0,jump to line 92,-
BRDA:91,0,jump to line 98,-
BRDA:104,0,jump to line 105,-
BRDA:104,0,jump to line 106,-
BRDA:106,0,jump to line 107,-
BRDA:106,0,jump to line 108,-
BRDA:108,0,jump to line 109,-
BRDA:108,0,jump to line 112,-
BRDA:112,0,jump to line 113,-
BRDA:112,0,jump to line 117,-
BRDA:119,0,jump to line 120,-
BRDA:119,0,jump to line 122,-
BRDA:136,0,jump to line 137,-
BRDA:136,0,jump to line 139,-
BRDA:151,0,jump to line 152,-
BRDA:151,0,jump to line 154,-
BRDA:174,0,jump to line 177,-
BRDA:174,0,jump to line 286,-
BRDA:177,0,jump to line 179,-
BRDA:177,0,jump to line 258,-
BRDA:185,0,jump to line 186,-
BRDA:185,0,jump to line 188,-
BRDA:193,0,jump to line 194,-
BRDA:193,0,jump to line 196,-
BRDA:196,0,jump to line 197,-
BRDA:196,0,jump to line 213,-
BRDA:219,0,jump to line 220,-
BRDA:219,0,jump to line 233,-
BRDA:222,0,jump to line 223,-
BRDA:222,0,jump to line 225,-
BRDA:233,0,jump to line 234,-
BRDA:233,0,jump to line 243,-
BRDA:243,0,jump to line 244,-
BRDA:243,0,jump to line 248,-
BRDA:248,0,jump to line 249,-
BRDA:248,0,jump to line 255,-
BRDA:262,0,jump to line 263,-
BRDA:262,0,jump to line 267,-
BRDA:325,0,jump to line 326,-
BRDA:325,0,jump to line 334,-
BRDA:330,0,jump to line 331,-
BRDA:330,0,jump to line 340,-
BRDA:343,0,jump to line 344,-
BRDA:343,0,jump to line 358,-
BRDA:347,0,jump to line 343,-
BRDA:347,0,jump to line 348,-
BRDA:348,0,jump to line 349,-
BRDA:348,0,jump to line 350,-
BRDA:350,0,jump to line 351,-
BRDA:350,0,jump to line 352,-
BRDA:352,0,jump to line 353,-
BRDA:352,0,jump to line 354,-
BRDA:354,0,jump to line 347,-
BRDA:354,0,jump to line 355,-
BRDA:358,0,jump to line 359,-
BRDA:358,0,jump to line 407,-
BRDA:360,0,jump to line 361,-
BRDA:360,0,jump to line 364,-
BRDA:362,0,jump to line 363,-
BRDA:362,0,jump to line 364,-
BRDA:364,0,jump to line 365,-
BRDA:364,0,jump to line 367,-
BRDA:367,0,jump to line 368,-
BRDA:367,0,jump to line 370,-
BRDA:370,0,jump to line 371,-
BRDA:370,0,jump to line 373,-
BRDA:400,0,jump to line 401,-
BRDA:400,0,jump to line 403,-
BRDA:454,0,jump to line 455,-
BRDA:454,0,jump to line 457,-
BRDA:469,0,jump to line 470,-
BRDA:469,0,jump to line 472,-
BRDA:485,0,jump to line 486,-
BRDA:485,0,jump to line 490,-
BRDA:490,0,jump to line 491,-
BRDA:490,0,jump to line 492,-
BRDA:492,0,jump to line 493,-
BRDA:492,0,jump to line 496,-
BRDA:511,0,jump to line 512,-
BRDA:511,0,jump to line 518,-
BRDA:512,0,jump to line 513,-
BRDA:512,0,jump to line 515,-
BRDA:542,0,jump to line 543,-
BRDA:542,0,jump to line 551,-
BRDA:543,0,jump to line 544,-
BRDA:543,0,jump to line 559,-
BRDA:544,0,jump to line 545,-
BRDA:544,0,jump to line 550,-
BRDA:545,0,jump to line 546,-
BRDA:545,0,jump to line 548,-
BRDA:551,0,jump to line 552,-
BRDA:551,0,jump to line 557,-
BRDA:552,0,jump to line 553,-
BRDA:552,0,jump to line 555,-
BRDA:559,0,jump to line 560,-
BRDA:559,0,jump to line 571,-
BRDA:560,0,jump to line 561,-
BRDA:560,0,jump to line 583,-
BRDA:564,0,jump to line 565,-
BRDA:564,0,jump to line 569,-
BRDA:571,0,jump to line 572,-
BRDA:571,0,jump to line 583,-
BRDA:575,0,jump to line 576,-
BRDA:575,0,jump to line 580,-
BRDA:590,0,jump to line 591,-
BRDA:590,0,jump to line 596,-
BRDA:600,0,jump to line 601,-
BRDA:600,0,jump to line 607,-
BRDA:601,0,jump to line 602,-
BRDA:601,0,jump to line 605,-
BRDA:611,0,jump to line 613,-
BRDA:611,0,jump to line 682,-
BRDA:613,0,jump to line 614,-
BRDA:613,0,jump to line 617,-
BRDA:628,0,jump to line 629,-
BRDA:628,0,jump to line 631,-
BRDA:634,0,jump to line 635,-
BRDA:634,0,jump to line 641,-
BRDA:636,0,jump to line 637,-
BRDA:636,0,jump to line 647,-
BRDA:665,0,jump to line 666,-
BRDA:665,0,jump to line 668,-
BRDA:670,0,jump to line 671,-
BRDA:670,0,jump to line 674,-
BRDA:674,0,jump to line 675,-
BRDA:674,0,jump to line 680,-
BRDA:682,0,jump to line 683,-
BRDA:682,0,jump to line 688,-
BRDA:697,0,jump to line 698,-
BRDA:697,0,jump to line 702,-
BRDA:698,0,jump to line 699,-
BRDA:698,0,jump to line 702,-
BRDA:702,0,jump to line 703,-
BRDA:702,0,jump to line 706,-
BRDA:703,0,jump to line 704,-
BRDA:703,0,jump to line 706,-
BRDA:734,0,jump to line 735,-
BRDA:734,0,jump to line 743,-
BRDA:739,0,jump to line 740,-
BRDA:739,0,jump to line 747,-
BRDA:755,0,jump to line 756,-
BRDA:755,0,jump to line 798,-
BRDA:756,0,jump to line 757,-
BRDA:756,0,jump to line 765,-
BRDA:757,0,jump to line 758,-
BRDA:757,0,jump to line 760,-
BRDA:787,0,jump to line 788,-
BRDA:787,0,jump to line 789,-
BRDA:789,0,jump to line 790,-
BRDA:789,0,jump to line 791,-
BRDA:791,0,jump to line 792,-
BRDA:791,0,jump to line 793,-
BRDA:793,0,jump to line 794,-
BRDA:793,0,jump to line 795,-
BRDA:795,0,jump to line 755,-
BRDA:795,0,jump to line 796,-
BRDA:845,0,jump to line 846,-
BRDA:845,0,jump to line 850,-
BRDA:856,0,jump to line 857,-
BRDA:856,0,jump to line 892,-
BRF:160
BRH:0
end_of_record
SF:RCAIDE/Framework/External_Interfaces/OpenVSP/vsp_write.py
DA:21,1
DA:22,1
DA:23,1
DA:24,1
DA:25,1
DA:26,1
DA:27,1
DA:28,1
DA:29,1
DA:30,1
DA:31,1
DA:34,1
DA:35,1
DA:38,1
DA:107,0
DA:108,0
DA:109,0
DA:110,0
DA:111,0
DA:112,0
DA:113,0
DA:115,0
DA:122,0
DA:123,0
DA:125,0
DA:126,0
DA:127,0
DA:128,0
DA:129,0
DA:130,0
DA:137,0
DA:139,0
DA:140,0
DA:141,0
DA:142,0
DA:144,0
DA:145,0
DA:146,0
DA:147,0
DA:151,0
DA:152,0
DA:153,0
DA:154,0
DA:159,0
DA:160,0
DA:161,0
DA:162,0
DA:163,0
DA:165,0
DA:166,0
DA:169,0
DA:172,0
DA:173,0
DA:174,0
DA:175,0
DA:176,0
DA:177,0
DA:178,0
DA:179,0
DA:181,0
DA:182,0
DA:183,0
DA:184,0
DA:185,0
DA:186,0
DA:187,0
DA:189,0
LF:67
LH:14
FN:38,189,write
FNDA:0,write
FNF:1
FNH:0
BRDA:107,0,jump to line 108,-
BRDA:107,0,jump to line 109,-
BRDA:125,0,jump to line 126,-
BRDA:125,0,jump to line 137,-
BRDA:126,0,jump to line 127,-
BRDA:126,0,jump to line 129,-
BRDA:129,0,jump to line 125,-
BRDA:129,0,jump to line 130,-
BRDA:137,0,jump to line 139,-
BRDA:137,0,jump to line 151,-
BRDA:139,0,jump to line 140,-
BRDA:139,0,jump to line 144,-
BRDA:140,0,jump to line 141,-
BRDA:140,0,jump to line 144,-
BRDA:144,0,jump to line 137,-
BRDA:144,0,jump to line 145,-
BRDA:145,0,jump to line 137,-
BRDA:145,0,jump to line 146,-
BRDA:151,0,jump to line 152,-
BRDA:151,0,jump to line 159,-
BRDA:152,0,jump to line 153,-
BRDA:152,0,jump to line 154,-
BRDA:159,0,jump to line 160,-
BRDA:159,0,jump to line 169,-
BRDA:160,0,jump to line 161,-
BRDA:160,0,jump to line 162,-
BRDA:172,0,jump to line 173,-
BRDA:172,0,jump to line 178,-
BRDA:175,0,jump to line 176,-
BRDA:175,0,jump to line 177,-
BRDA:178,0,jump to line 179,-
BRDA:178,0,jump to line 181,-
BRDA:181,0,jump to line 182,-
BRDA:181,0,jump to line 189,-
BRDA:182,0,jump to line 183,-
BRDA:182,0,jump to line 184,-
BRF:36
BRH:0
end_of_record
SF:RCAIDE/Framework/External_Interfaces/OpenVSP/write_vsp_mesh.py
DA:10,1
DA:11,1
DA:12,1
DA:13,1
DA:14,1
DA:15,1
DA:18,1
DA:19,1
DA:20,1
DA:23,1
DA:47,0
DA:49,0
DA:50,0
DA:53,0
DA:54,0
DA:55,0
DA:56,0
DA:57,0
DA:59,0
DA:61,0
DA:64,0
DA:65,0
DA:67,0
DA:68,0
DA:71,0
DA:72,0
DA:73,0
DA:75,0
DA:76,0
DA:77,0
DA:80,0
DA:81,0
DA:82,0
DA:83,0
DA:86,0
DA:87,0
DA:89,0
DA:90,0
DA:91,0
DA:92,0
DA:93,0
DA:94,0
DA:95,0
DA:96,0
DA:99,0
DA:100,0
DA:101,0
DA:104,0
DA:106,0
DA:108,0
DA:110,0
DA:111,0
DA:112,0
DA:113,0
DA:114,0
DA:115,0
DA:118,1
DA:152,0
DA:153,0
DA:154,0
DA:155,0
DA:156,0
DA:157,0
DA:158,0
DA:159,0
DA:165,0
DA:170,0
DA:171,0
DA:172,0
DA:173,0
DA:174,0
DA:180,0
DA:181,0
DA:182,0
DA:183,0
DA:184,0
DA:186,0
DA:187,0
DA:188,0
DA:190,0
DA:191,0
DA:193,0
DA:194,0
DA:195,0
DA:196,0
DA:197,0
DA:198,0
DA:199,0
DA:200,0
DA:201,0
DA:203,0
DA:204,0
DA:206,0
DA:207,0
DA:208,0
DA:210,0
DA:211,0
DA:213,0
DA:214,0
DA:216,0
DA:217,0
DA:218,0
DA:219,0
DA:221,0
DA:223,0
DA:224,0
DA:225,0
DA:227,0
DA:228,0
DA:229,0
DA:231,0
DA:232,0
DA:233,0
DA:235,0
DA:236,0
DA:237,0
DA:238,0
DA:239,0
DA:240,0
DA:242,0
DA:243,0
DA:244,0
DA:247,0
DA:248,0
DA:250,0
DA:251,0
DA:252,0
DA:253,0
DA:254,0
DA:255,0
DA:257,0
DA:258,0
DA:259,0
DA:263,0
DA:264,0
DA:265,0
DA:266,0
DA:267,0
DA:269,0
DA:270,0
DA:271,0
DA:272,0
DA:273,0
DA:274,0
DA:275,0
DA:297,1
DA:327,0
DA:328,0
DA:329,0
DA:330,0
DA:331,0
DA:333,0
DA:334,0
DA:335,0
DA:336,0
DA:337,0
DA:338,0
DA:339,0
DA:340,0
DA:341,0
DA:342,0
DA:343,0
DA:344,0
DA:345,0
DA:346,0
DA:347,0
DA:348,0
DA:350,0
DA:352,0
DA:353,0
DA:354,0
DA:355,0
DA:356,0
DA:357,0
DA:358,0
DA:359,0
DA:360,0
DA:361,0
DA:362,0
LF:179
LH:12
FN:23,115,write_vsp_mesh
FNDA:0,write_vsp_mesh
FN:118,276,set_sources
FNDA:0,set_sources
FN:297,362,add_segment_sources
FNDA:0,add_segment_sources
FNF:3
FNH:0
BRDA:49,0,jump to line 50,-
BRDA:49,0,jump to line 53,-
BRDA:53,0,jump to line 54,-
BRDA:53,0,jump to line 61,-
BRDA:55,0,jump to line 56,-
BRDA:55,0,jump to line 61,-
BRDA:56,0,jump to line 57,-
BRDA:56,0,jump to line 59,-
BRDA:76,0,jump to line 77,-
BRDA:76,0,jump to line 80,-
BRDA:95,0,jump to line 96,-
BRDA:95,0,jump to line 99,-
BRDA:154,0,jump to line 155,-
BRDA:154,0,jump to line 157,-
BRDA:157,0,jump to line 158,-
BRDA:157,0,jump to line 165,-
BRDA:170,0,jump to line 171,-
BRDA:170,0,return from function 'set_sources',-
BRDA:172,0,jump to line 173,-
BRDA:172,0,jump to line 174,-
BRDA:180,0,jump to line 181,-
BRDA:180,0,jump to line 263,-
BRDA:182,0,jump to line 183,-
BRDA:182,0,jump to line 186,-
BRDA:186,0,jump to line 187,-
BRDA:186,0,jump to line 190,-
BRDA:196,0,jump to line 170,-
BRDA:196,0,jump to line 197,-
BRDA:197,0,jump to line 198,-
BRDA:197,0,jump to line 216,-
BRDA:199,0,jump to line 200,-
BRDA:199,0,jump to line 203,-
BRDA:203,0,jump to line 204,-
BRDA:203,0,jump to line 206,-
BRDA:210,0,jump to line 211,-
BRDA:210,0,jump to line 213,-
BRDA:216,0,jump to line 217,-
BRDA:216,0,jump to line 231,-
BRDA:218,0,jump to line 219,-
BRDA:218,0,jump to line 221,-
BRDA:224,0,jump to line 225,-
BRDA:224,0,jump to line 227,-
BRDA:231,0,jump to line 232,-
BRDA:231,0,jump to line 247,-
BRDA:232,0,jump to line 233,-
BRDA:232,0,jump to line 235,-
BRDA:239,0,jump to line 240,-
BRDA:239,0,jump to line 242,-
BRDA:247,0,jump to line 248,-
BRDA:247,0,jump to line 250,-
BRDA:254,0,jump to line 255,-
BRDA:254,0,jump to line 257,-
BRDA:263,0,jump to line 170,-
BRDA:263,0,jump to line 264,-
BRDA:265,0,jump to line 266,-
BRDA:265,0,jump to line 269,-
BRDA:327,0,jump to line 328,-
BRDA:327,0,jump to line 333,-
BRDA:345,0,jump to line 346,-
BRDA:345,0,jump to line 352,-
BRDA:346,0,jump to line 347,-
BRDA:346,0,jump to line 350,-
BRDA:353,0,jump to line 354,-
BRDA:353,0,return from function 'add_segment_sources',-
BRDA:359,0,jump to line 360,-
BRDA:359,0,jump to line 362,-
BRF:66
BRH:0
end_of_record
SF:RCAIDE/Framework/Mission/Common/Conditions.py
DA:10,1
DA:13,1
DA:17,1
DA:29,1
DA:31,1
DA:49,0
DA:51,1
DA:69,0
DA:71,1
DA:89,0
DA:92,1
DA:114,0
DA:119,0
DA:120,0
DA:121,0
DA:122,0
DA:123,0
DA:125,0
DA:126,0
DA:127,0
DA:128,0
DA:130,0
DA:132,0
DA:133,0
DA:135,0
DA:137,1
DA:147,1
DA:149,1
DA:170,0
DA:171,0
DA:172,0
DA:175,1
DA:197,0
DA:200,0
DA:201,0
DA:203,0
DA:205,1
DA:224,0
DA:226,1
DA:246,0
DA:248,0
DA:250,1
DA:270,0
DA:272,0
LF:44
LH:15
FN:31,49,Conditions.ones_row
FNDA:0,Conditions.ones_row
FN:51,69,Conditions.ones_row_m1
FNDA:0,Conditions.ones_row_m1
FN:71,89,Conditions.ones_row_m2
FNDA:0,Conditions.ones_row_m2
FN:92,135,Conditions.expand_rows
FNDA:0,Conditions.expand_rows
FN:149,172,expanded_array.__init__
FNDA:0,expanded_array.__init__
FN:175,203,expanded_array.resize
FNDA:0,expanded_array.resize
FN:205,224,expanded_array.__call__
FNDA:0,expanded_array.__call__
FN:226,248,expanded_array.__mul__
FNDA:0,expanded_array.__mul__
FN:250,272,expanded_array.__rmul__
FNDA:0,expanded_array.__rmul__
FNF:9
FNH:0
BRDA:119,0,jump to line 120,-
BRDA:119,0,jump to line 135,-
BRDA:125,0,jump to line 126,-
BRDA:125,0,jump to line 127,-
BRDA:127,0,jump to line 128,-
BRDA:127,0,jump to line 130,-
BRDA:130,0,jump to line 119,-
BRDA:130,0,jump to line 132,-
BRDA:132,0,jump to line 119,-
BRDA:132,0,jump to line 133,-
BRF:10
BRH:0
end_of_record
SF:RCAIDE/Framework/Mission/Common/Numerics.py
DA:10,1
DA:11,1
DA:12,1
DA:18,1
DA:28,1
DA:46,0
DA:47,0
DA:48,0
DA:49,0
DA:50,0
DA:51,0
DA:52,0
DA:53,0
DA:55,0
DA:56,0
DA:57,0
DA:58,0
DA:60,0
DA:61,0
DA:62,0
DA:63,0
LF:21
LH:5
FN:28,63,Numerics.__defaults__
FNDA:0,Numerics.__defaults__
FNF:1
FNH:0
end_of_record
SF:RCAIDE/Framework/Mission/Common/Residuals.py
DA:10,1
DA:16,1
DA:26,1
DA:44,0
LF:4
LH:3
FN:26,44,Residuals.__defaults__
FNDA:0,Residuals.__defaults__
FNF:1
FNH:0
end_of_record
SF:RCAIDE/Framework/Mission/Common/Results.py
DA:12,1
DA:15,1
DA:21,1
DA:32,1
DA:69,0
DA:72,0
DA:73,0
DA:79,0
DA:80,0
DA:81,0
DA:82,0
DA:83,0
DA:84,0
DA:89,0
DA:92,0
DA:93,0
DA:94,0
DA:95,0
DA:96,0
DA:97,0
DA:98,0
DA:99,0
DA:100,0
DA:101,0
DA:102,0
DA:106,0
DA:107,0
DA:108,0
DA:109,0
DA:110,0
DA:111,0
DA:114,0
DA:115,0
DA:116,0
DA:117,0
DA:118,0
DA:119,0
DA:122,0
DA:123,0
DA:124,0
DA:125,0
DA:126,0
DA:127,0
DA:132,0
DA:133,0
DA:134,0
DA:135,0
DA:136,0
DA:137,0
DA:138,0
DA:139,0
DA:140,0
DA:141,0
DA:142,0
DA:143,0
DA:144,0
DA:145,0
DA:146,0
DA:147,0
DA:152,0
DA:155,0
DA:156,0
DA:157,0
DA:158,0
DA:161,0
DA:162,0
DA:163,0
DA:166,0
DA:167,0
DA:168,0
DA:169,0
DA:170,0
DA:171,0
DA:172,0
DA:173,0
DA:174,0
DA:175,0
DA:176,0
DA:177,0
DA:178,0
DA:179,0
DA:180,0
DA:181,0
DA:182,0
DA:183,0
DA:185,0
DA:186,0
DA:191,0
DA:193,0
DA:194,0
DA:195,0
DA:196,0
DA:197,0
DA:198,0
DA:199,0
DA:200,0
DA:201,0
DA:202,0
DA:203,0
DA:204,0
DA:205,0
DA:207,0
DA:208,0
DA:209,0
DA:210,0
DA:211,0
DA:212,0
DA:213,0
DA:214,0
DA:215,0
DA:216,0
DA:217,0
DA:218,0
DA:219,0
DA:221,0
DA:222,0
DA:223,0
DA:224,0
DA:225,0
DA:226,0
DA:227,0
DA:228,0
DA:229,0
DA:230,0
DA:231,0
DA:232,0
DA:233,0
DA:235,0
DA:236,0
DA:237,0
DA:238,0
DA:239,0
DA:240,0
DA:241,0
DA:242,0
DA:243,0
DA:244,0
DA:245,0
DA:246,0
DA:247,0
DA:249,0
DA:250,0
DA:251,0
DA:252,0
DA:253,0
DA:254,0
DA:255,0
DA:256,0
DA:257,0
DA:258,0
DA:259,0
DA:260,0
DA:261,0
DA:266,0
DA:267,0
DA:269,0
DA:270,0
DA:271,0
DA:272,0
DA:273,0
DA:274,0
DA:276,0
DA:277,0
DA:278,0
DA:279,0
DA:281,0
DA:282,0
DA:283,0
DA:284,0
DA:285,0
DA:286,0
DA:288,0
DA:289,0
DA:290,0
DA:291,0
DA:292,0
DA:293,0
DA:294,0
DA:295,0
DA:296,0
DA:297,0
DA:298,0
DA:299,0
DA:301,0
DA:304,0
DA:305,0
DA:306,0
DA:307,0
DA:308,0
DA:309,0
DA:310,0
DA:311,0
DA:312,0
DA:313,0
DA:314,0
DA:315,0
DA:316,0
DA:317,0
DA:318,0
DA:319,0
DA:320,0
DA:321,0
DA:322,0
DA:323,0
DA:324,0
DA:325,0
DA:326,0
DA:327,0
DA:328,0
DA:329,0
DA:330,0
DA:331,0
DA:332,0
DA:333,0
DA:334,0
DA:335,0
DA:336,0
DA:337,0
DA:338,0
DA:339,0
DA:340,0
DA:341,0
DA:342,0
DA:343,0
DA:344,0
DA:345,0
DA:346,0
DA:347,0
DA:348,0
DA:349,0
DA:350,0
DA:351,0
DA:352,0
DA:353,0
DA:354,0
DA:355,0
DA:356,0
DA:357,0
DA:358,0
DA:359,0
DA:362,0
DA:363,0
DA:364,0
DA:365,0
DA:366,0
DA:367,0
DA:368,0
DA:369,0
DA:370,0
DA:371,0
DA:372,0
DA:373,0
DA:374,0
DA:375,0
DA:376,0
DA:377,0
DA:378,0
DA:379,0
DA:380,0
DA:381,0
DA:382,0
DA:383,0
DA:384,0
DA:385,0
DA:386,0
DA:387,0
DA:388,0
DA:389,0
DA:390,0
DA:391,0
DA:392,0
DA:393,0
DA:394,0
DA:395,0
DA:396,0
DA:397,0
[...]
BRDA:100,0,jump to line 105,-
BRDA:112,0,jump to line 113,-
BRDA:112,0,jump to line 114,-
BRF:6
BRH:0
end_of_record
SF:RCAIDE/Library/Plots/Mission/plot_flight_trajectory.py
DA:9,1
DA:10,1
DA:11,1
DA:12,1
DA:13,1
DA:18,1
DA:53,0
DA:55,0
DA:59,0
DA:61,0
DA:62,0
DA:65,0
DA:67,0
DA:68,0
DA:69,0
DA:70,0
DA:71,0
DA:72,0
DA:74,0
DA:75,0
DA:77,0
DA:78,0
DA:79,0
DA:80,0
DA:81,0
DA:83,0
DA:84,0
DA:85,0
DA:86,0
DA:87,0
DA:89,0
DA:90,0
DA:91,0
DA:92,0
DA:93,0
DA:95,0
DA:96,0
DA:97,0
DA:98,0
DA:99,0
DA:100,0
DA:101,0
DA:103,0
DA:104,0
DA:105,0
DA:108,0
DA:109,0
DA:112,0
DA:113,0
DA:115,0
DA:116,0
DA:118,0
LF:52
LH:6
FN:18,118,plot_flight_trajectory
FNDA:0,plot_flight_trajectory
FNF:1
FNH:0
BRDA:67,0,jump to line 68,-
BRDA:67,0,jump to line 103,-
BRDA:103,0,jump to line 104,-
BRDA:103,0,jump to line 108,-
BRDA:115,0,jump to line 116,-
BRDA:115,0,jump to line 118,-
BRF:6
BRH:0
end_of_record
SF:RCAIDE/Library/Plots/Noise/plot_2D_noise_contour.py
DA:9,1
DA:12,1
DA:13,1
DA:14,1
DA:15,1
DA:20,1
DA:62,0
DA:63,0
DA:64,0
DA:65,0
DA:66,0
DA:67,0
DA:69,0
DA:70,0
DA:72,0
DA:74,0
DA:75,0
DA:76,0
DA:78,0
DA:79,0
DA:80,0
DA:81,0
DA:82,0
DA:84,0
DA:85,0
DA:86,0
DA:87,0
DA:89,0
DA:90,0
DA:91,0
DA:92,0
DA:95,0
DA:96,0
DA:97,0
DA:99,0
DA:100,0
DA:101,0
DA:102,0
DA:104,0
DA:109,1
DA:110,0
DA:113,0
DA:116,1
DA:124,1
DA:126,0
DA:128,0
DA:129,0
DA:131,1
DA:132,0
DA:133,0
DA:135,1
DA:136,0
LF:52
LH:11
FN:20,104,plot_2D_noise_contour
FNDA:0,plot_2D_noise_contour
FN:109,113,truncate_colormap
FNDA:0,truncate_colormap
FN:124,129,FixPointNormalize.__init__
FNDA:0,FixPointNormalize.__init__
FN:131,133,FixPointNormalize.__call__
FNDA:0,FixPointNormalize.__call__
FN:135,136,colorax
FNDA:0,colorax
FNF:5
FNH:0
BRDA:78,0,jump to line 79,-
BRDA:78,0,jump to line 84,-
BRDA:89,0,jump to line 90,-
BRDA:89,0,jump to line 95,-
BRDA:100,0,jump to line 101,-
BRDA:100,0,jump to line 104,-
BRF:6
BRH:0
end_of_record
SF:RCAIDE/Library/Plots/Noise/plot_3D_noise_contour.py
DA:9,1
DA:10,1
DA:13,1
DA:14,1
DA:19,1
DA:63,0
DA:64,0
DA:65,0
DA:66,0
DA:67,0
DA:73,0
DA:74,0
DA:77,0
DA:78,0
DA:84,0
DA:87,0
DA:88,0
DA:96,0
DA:99,0
DA:100,0
DA:102,0
DA:104,0
DA:107,0
DA:117,0
DA:148,0
DA:149,0
DA:150,0
DA:151,0
DA:153,0
DA:155,1
DA:156,0
LF:31
LH:6
FN:19,153,plot_3D_noise_contour
FNDA:0,plot_3D_noise_contour
FN:155,156,colorax
FNDA:0,colorax
FNF:2
FNH:0
BRDA:77,0,jump to line 78,-
BRDA:77,0,jump to line 87,-
BRDA:87,0,jump to line 88,-
BRDA:87,0,jump to line 99,-
BRDA:148,0,jump to line 149,-
BRDA:148,0,jump to line 150,-
BRDA:150,0,jump to line 151,-
BRDA:150,0,jump to line 153,-
BRF:8
BRH:0
end_of_record
SF:RCAIDE/Library/Plots/Noise/plot_noise_level.py
DA:9,1
DA:10,1
DA:12,1
DA:13,1
DA:14,1
DA:19,1
DA:47,0
DA:48,0
DA:49,0
DA:50,0
DA:54,0
DA:56,0
DA:60,0
DA:62,0
DA:63,0
DA:64,0
DA:67,0
DA:69,0
DA:70,0
DA:71,0
DA:72,0
DA:73,0
DA:74,0
DA:75,0
DA:76,0
DA:78,0
LF:26
LH:6
FN:19,78,plot_noise_level
FNDA:0,plot_noise_level
FNF:1
FNH:0
BRDA:69,0,jump to line 70,-
BRDA:69,0,jump to line 71,-
BRDA:75,0,jump to line 76,-
BRDA:75,0,jump to line 78,-
BRF:4
BRH:0
end_of_record
SF:RCAIDE/Library/Plots/Noise/post_process_noise_data.py
DA:11,1
DA:12,1
DA:13,1
DA:14,1
DA:15,1
DA:16,1
DA:17,1
DA:20,1
DA:21,1
DA:27,1
DA:50,0
DA:51,0
DA:52,0
DA:53,0
DA:54,0
DA:57,0
DA:58,0
DA:59,0
DA:60,0
DA:61,0
DA:62,0
DA:63,0
DA:64,0
DA:66,0
DA:67,0
DA:68,0
DA:69,0
DA:72,0
DA:73,0
DA:74,0
DA:77,0
DA:78,0
DA:79,0
DA:80,0
DA:81,0
DA:83,0
DA:86,0
DA:87,0
DA:88,0
DA:89,0
DA:90,0
DA:91,0
DA:92,0
DA:95,0
DA:98,0
DA:99,0
DA:100,0
DA:102,0
DA:104,0
DA:105,0
DA:107,0
DA:109,0
DA:110,0
DA:111,0
DA:112,0
DA:113,0
DA:116,0
DA:119,0
DA:120,0
DA:121,0
DA:122,0
DA:125,0
DA:126,0
DA:128,0
DA:129,0
DA:130,0
DA:131,0
DA:132,0
DA:134,0
DA:135,0
DA:138,0
DA:139,0
DA:142,0
DA:143,0
DA:144,0
DA:145,0
DA:148,0
DA:149,0
DA:151,0
LF:79
LH:10
FN:27,151,post_process_noise_data
FNDA:0,post_process_noise_data
FNF:1
FNH:0
BRDA:58,0,jump to line 59,-
BRDA:58,0,jump to line 66,-
BRDA:86,0,jump to line 87,-
BRDA:86,0,jump to line 138,-
BRDA:99,0,jump to line 100,-
BRDA:99,0,jump to line 102,-
BRDA:107,0,jump to line 86,-
BRDA:107,0,jump to line 109,-
BRDA:134,0,jump to line 107,-
BRDA:134,0,jump to line 135,-
BRDA:148,0,jump to line 149,-
BRDA:148,0,jump to line 151,-
BRF:12
BRH:0
end_of_record
SF:RCAIDE/Library/Plots/Stability/plot_flight_forces_and_moments.py
DA:9,1
DA:10,1
DA:11,1
DA:12,1
DA:13,1
DA:18,1
DA:28,0
DA:30,0
DA:34,0
DA:37,0
DA:40,0
DA:41,0
DA:43,0
DA:44,0
DA:45,0
DA:46,0
DA:47,0
DA:48,0
DA:50,0
DA:51,0
DA:52,0
DA:53,0
DA:54,0
DA:55,0
DA:56,0
DA:57,0
DA:60,0
DA:61,0
DA:62,0
DA:63,0
DA:64,0
DA:65,0
DA:67,0
DA:68,0
DA:69,0
DA:70,0
DA:72,0
DA:73,0
DA:74,0
DA:75,0
DA:77,0
DA:78,0
DA:79,0
DA:80,0
DA:82,0
DA:83,0
DA:84,0
DA:85,0
DA:86,0
DA:88,0
DA:89,0
DA:90,0
DA:91,0
DA:92,0
DA:94,0
DA:95,0
DA:96,0
DA:99,0
DA:100,0
DA:103,0
DA:104,0
DA:106,0
DA:107,0
DA:108,0
LF:64
LH:6
FN:18,108,plot_flight_forces_and_moments
FNDA:0,plot_flight_forces_and_moments
FNF:1
FNH:0
BRDA:50,0,jump to line 51,-
BRDA:50,0,jump to line 94,-
BRDA:94,0,jump to line 95,-
BRDA:94,0,jump to line 99,-
BRDA:106,0,jump to line 107,-
BRDA:106,0,jump to line 108,-
BRF:6
BRH:0
end_of_record
SF:RCAIDE/Library/Plots/Stability/plot_lateral_stability.py
DA:9,1
DA:10,1
DA:11,1
DA:12,1
DA:13,1
DA:18,1
DA:28,0
DA:30,0
DA:34,0
DA:37,0
DA:39,0
DA:40,0
DA:41,0
DA:42,0
DA:43,0
DA:45,0
DA:46,0
DA:47,0
DA:48,0
DA:49,0
DA:51,0
DA:52,0
DA:54,0
DA:55,0
DA:56,0
DA:58,0
DA:59,0
DA:60,0
DA:61,0
DA:63,0
DA:64,0
DA:65,0
DA:66,0
DA:68,0
DA:69,0
DA:70,0
DA:73,0
DA:74,0
DA:77,0
DA:78,0
DA:80,0
DA:81,0
DA:82,0
LF:43
LH:6
FN:18,82,plot_lateral_stability
FNDA:0,plot_lateral_stability
FNF:1
FNH:0
BRDA:45,0,jump to line 46,-
BRDA:45,0,jump to line 68,-
BRDA:68,0,jump to line 69,-
BRDA:68,0,jump to line 73,-
BRDA:80,0,jump to line 81,-
BRDA:80,0,jump to line 82,-
BRF:6
BRH:0
end_of_record
SF:RCAIDE/Library/Plots/Stability/plot_longitudinal_stability.py
DA:9,1
DA:10,1
DA:11,1
DA:12,1
DA:13,1
DA:18,1
DA:28,0
DA:30,0
DA:34,0
DA:37,0
DA:39,0
DA:40,0
DA:43,0
DA:44,0
DA:45,0
DA:46,0
DA:47,0
DA:48,0
DA:50,0
DA:51,0
DA:52,0
DA:53,0
DA:54,0
DA:55,0
DA:56,0
DA:57,0
DA:59,0
DA:60,0
DA:62,0
DA:63,0
DA:64,0
DA:65,0
DA:67,0
DA:68,0
DA:69,0
DA:70,0
DA:72,0
DA:73,0
DA:74,0
DA:75,0
DA:77,0
DA:78,0
DA:79,0
DA:80,0
DA:81,0
DA:83,0
DA:84,0
DA:85,0
DA:86,0
DA:87,0
DA:89,0
DA:90,0
DA:91,0
DA:92,0
DA:93,0
DA:95,0
DA:96,0
DA:97,0
DA:100,0
DA:101,0
DA:104,0
DA:105,0
DA:107,0
DA:108,0
DA:109,0
LF:65
LH:6
FN:18,109,plot_longitudinal_stability
FNDA:0,plot_longitudinal_stability
FNF:1
FNH:0
BRDA:50,0,jump to line 51,-
BRDA:50,0,jump to line 95,-
BRDA:95,0,jump to line 96,-
BRDA:95,0,jump to line 100,-
BRDA:107,0,jump to line 108,-
BRDA:107,0,jump to line 109,-
BRF:6
BRH:0
end_of_record
SF:RCAIDE/Library/Plots/Thermal_Management/plot_air_cooled_conditions.py
DA:10,1
DA:11,1
DA:12,1
DA:13,1
DA:14,1
DA:19,1
DA:40,0
DA:42,0
DA:46,0
DA:49,0
DA:51,0
DA:52,0
DA:53,0
DA:54,0
DA:58,0
DA:59,0
DA:60,0
DA:61,0
DA:62,0
DA:63,0
DA:64,0
DA:65,0
DA:66,0
DA:67,0
DA:69,0
DA:70,0
DA:72,0
DA:73,0
DA:74,0
DA:76,0
DA:77,0
DA:78,0
DA:80,0
DA:81,0
DA:82,0
DA:85,0
DA:86,0
DA:89,0
DA:90,0
DA:92,0
DA:93,0
DA:94,0
LF:42
LH:6
FN:19,94,plot_air_cooled_conditions
FNDA:0,plot_air_cooled_conditions
FNF:1
FNH:0
BRDA:58,0,jump to line 59,-
BRDA:58,0,jump to line 80,-
BRDA:60,0,jump to line 58,-
BRDA:60,0,jump to line 61,-
BRDA:61,0,jump to line 60,-
BRDA:61,0,jump to line 62,-
BRDA:62,0,jump to line 61,-
BRDA:62,0,jump to line 63,-
BRDA:63,0,jump to line 61,-
BRDA:63,0,jump to line 64,-
BRDA:69,0,jump to line 70,-
BRDA:69,0,jump to line 72,-
BRDA:80,0,jump to line 81,-
BRDA:80,0,jump to line 85,-
BRDA:92,0,jump to line 93,-
BRDA:92,0,jump to line 94,-
BRF:16
BRH:0
end_of_record
SF:RCAIDE/Library/Plots/Thermal_Management/plot_cross_flow_heat_exchanger_conditions.py
DA:10,1
DA:11,1
DA:12,1
DA:13,1
DA:14,1
DA:19,1
DA:45,0
DA:47,0
DA:51,0
DA:54,0
DA:56,0
DA:57,0
DA:58,0
DA:59,0
DA:60,0
DA:61,0
DA:62,0
DA:63,0
DA:65,0
DA:66,0
DA:67,0
DA:68,0
DA:69,0
DA:70,0
DA:71,0
DA:72,0
DA:74,0
DA:75,0
DA:76,0
DA:77,0
DA:78,0
DA:79,0
DA:81,0
DA:82,0
DA:84,0
DA:85,0
DA:86,0
DA:88,0
DA:89,0
DA:90,0
DA:92,0
DA:93,0
DA:94,0
DA:96,0
DA:97,0
DA:98,0
DA:100,0
DA:101,0
DA:102,0
DA:103,0
DA:105,0
DA:106,0
DA:107,0
DA:108,0
DA:110,0
DA:111,0
DA:112,0
DA:115,0
DA:116,0
DA:119,0
DA:120,0
DA:122,0
DA:123,0
DA:124,0
LF:64
LH:6
FN:19,124,plot_cross_flow_heat_exchanger_conditions
FNDA:0,plot_cross_flow_heat_exchanger_conditions
FNF:1
FNH:0
BRDA:65,0,jump to line 66,-
BRDA:65,0,jump to line 110,-
BRDA:67,0,jump to line 65,-
BRDA:67,0,jump to line 68,-
BRDA:68,0,jump to line 67,-
BRDA:68,0,jump to line 69,-
BRDA:69,0,jump to line 68,-
BRDA:69,0,jump to line 70,-
BRDA:70,0,jump to line 68,-
BRDA:70,0,jump to line 71,-
BRDA:81,0,jump to line 82,-
BRDA:81,0,jump to line 84,-
BRDA:110,0,jump to line 111,-
BRDA:110,0,jump to line 115,-
BRDA:122,0,jump to line 123,-
BRDA:122,0,jump to line 124,-
BRF:16
BRH:0
end_of_record
SF:RCAIDE/Library/Plots/Thermal_Management/plot_reservoir_conditions.py
DA:11,1
DA:12,1
DA:13,1
DA:14,1
DA:15,1
DA:20,1
DA:39,0
DA:41,0
DA:45,0
DA:48,0
DA:50,0
DA:51,0
DA:52,0
DA:53,0
DA:55,0
DA:56,0
DA:57,0
DA:58,0
DA:59,0
DA:60,0
DA:61,0
DA:62,0
DA:63,0
DA:65,0
DA:66,0
DA:68,0
DA:69,0
DA:71,0
DA:72,0
DA:73,0
DA:76,0
DA:77,0
DA:80,0
DA:81,0
DA:83,0
DA:84,0
DA:85,0
LF:37
LH:6
FN:20,85,plot_reservoir_conditions
FNDA:0,plot_reservoir_conditions
FNF:1
FNH:0
BRDA:55,0,jump to line 56,-
BRDA:55,0,jump to line 71,-
BRDA:57,0,jump to line 55,-
BRDA:57,0,jump to line 58,-
BRDA:58,0,jump to line 57,-
BRDA:58,0,jump to line 59,-
BRDA:59,0,jump to line 58,-
BRDA:59,0,jump to line 60,-
BRDA:60,0,jump to line 58,-
BRDA:60,0,jump to line 61,-
BRDA:65,0,jump to line 66,-
BRDA:65,0,jump to line 68,-
BRDA:71,0,jump to line 72,-
BRDA:71,0,jump to line 76,-
BRDA:83,0,jump to line 84,-
BRDA:83,0,jump to line 85,-
BRF:16
BRH:0
end_of_record
SF:RCAIDE/Library/Plots/Thermal_Management/plot_thermal_management_components.py
DA:8,1
DA:31,0
DA:32,0
DA:33,0
DA:34,0
DA:35,0
DA:36,0
DA:37,0
DA:38,0
DA:39,0
DA:41,0
DA:42,0
DA:43,0
DA:44,0
DA:45,0
DA:46,0
DA:47,0
DA:48,0
DA:49,0
DA:50,0
LF:20
LH:1
FN:8,50,plot_thermal_management_component
FNDA:0,plot_thermal_management_component
FNF:1
FNH:0
BRDA:31,0,jump to line 32,-
BRDA:31,0,jump to line 50,-
BRDA:32,0,jump to line 31,-
BRDA:32,0,jump to line 33,-
BRDA:33,0,jump to line 32,-
BRDA:33,0,jump to line 34,-
BRDA:34,0,jump to line 35,-
BRDA:34,0,jump to line 41,-
BRDA:35,0,jump to line 36,-
BRDA:35,0,jump to line 44,-
BRDA:36,0,jump to line 37,-
BRDA:36,0,jump to line 44,-
BRDA:37,0,jump to line 36,-
BRDA:37,0,jump to line 38,-
BRDA:38,0,jump to line 37,-
BRDA:38,0,jump to line 39,-
BRDA:41,0,jump to line 42,-
BRDA:41,0,jump to line 44,-
BRDA:42,0,jump to line 41,-
BRDA:42,0,jump to line 43,-
BRDA:44,0,jump to line 45,-
BRDA:44,0,jump to line 47,-
BRDA:45,0,jump to line 46,-
BRDA:45,0,jump to line 47,-
BRDA:47,0,jump to line 33,-
BRDA:47,0,jump to line 48,-
BRDA:48,0,jump to line 33,-
BRDA:48,0,jump to line 49,-
BRF:28
BRH:0
end_of_record
SF:RCAIDE/Library/Plots/Thermal_Management/plot_wavy_channel_conditions.py
DA:10,1
DA:11,1
DA:12,1
DA:13,1
DA:14,1
DA:19,1
DA:43,0
DA:45,0
DA:49,0
DA:52,0
DA:54,0
DA:55,0
DA:56,0
DA:57,0
DA:58,0
DA:60,0
DA:61,0
DA:62,0
DA:63,0
DA:64,0
DA:65,0
DA:66,0
DA:67,0
DA:68,0
DA:69,0
DA:70,0
DA:72,0
DA:73,0
DA:75,0
DA:76,0
DA:77,0
DA:79,0
DA:80,0
DA:81,0
DA:83,0
DA:84,0
DA:85,0
DA:86,0
DA:88,0
DA:89,0
DA:90,0
DA:93,0
DA:94,0
DA:97,0
DA:98,0
DA:100,0
DA:101,0
DA:102,0
LF:48
LH:6
FN:19,102,plot_wavy_channel_conditions
FNDA:0,plot_wavy_channel_conditions
FNF:1
FNH:0
BRDA:60,0,jump to line 61,-
BRDA:60,0,jump to line 88,-
BRDA:62,0,jump to line 60,-
BRDA:62,0,jump to line 63,-
BRDA:63,0,jump to line 62,-
BRDA:63,0,jump to line 64,-
BRDA:64,0,jump to line 63,-
BRDA:64,0,jump to line 65,-
BRDA:65,0,jump to line 63,-
BRDA:65,0,jump to line 66,-
BRDA:72,0,jump to line 73,-
BRDA:72,0,jump to line 75,-
BRDA:88,0,jump to line 89,-
BRDA:88,0,jump to line 93,-
BRDA:100,0,jump to line 101,-
BRDA:100,0,jump to line 102,-
BRF:16
BRH:0
end_of_record
SF:RCAIDE/Library/Plots/Topography/plot_elevation_contours.py
DA:9,1
DA:10,1
DA:11,1
DA:14,1
DA:15,1
DA:16,1
DA:17,1
DA:22,1
DA:52,0
DA:54,0
DA:58,0
DA:61,0
DA:62,0
DA:65,0
DA:66,0
DA:68,0
DA:69,0
DA:70,0
DA:71,0
DA:73,0
DA:74,0
DA:75,0
DA:76,0
DA:77,0
DA:78,0
DA:79,0
DA:80,0
DA:82,0
DA:83,0
DA:84,0
DA:85,0
DA:87,0
DA:88,0
DA:90,0
DA:91,0
DA:92,0
DA:93,0
DA:94,0
DA:96,0
DA:97,0
DA:98,0
DA:100,0
DA:101,0
DA:102,0
DA:103,0
DA:104,0
DA:105,0
DA:107,0
DA:108,0
DA:109,0
DA:110,0
DA:111,0
DA:113,0
DA:115,1
DA:123,1
DA:125,0
DA:127,0
DA:128,0
DA:130,1
DA:131,0
DA:132,0
LF:61
LH:11
FN:22,113,plot_elevation_contours
FNDA:0,plot_elevation_contours
FN:123,128,FixPointNormalize.__init__
FNDA:0,FixPointNormalize.__init__
FN:130,132,FixPointNormalize.__call__
FNDA:0,FixPointNormalize.__call__
FNF:3
FNH:0
BRDA:77,0,jump to line 78,-
BRDA:77,0,jump to line 79,-
BRDA:79,0,jump to line 80,-
BRDA:79,0,jump to line 82,-
BRDA:100,0,jump to line 101,-
BRDA:100,0,jump to line 107,-
BRF:6
BRH:0
end_of_record
SF:RCAIDE/Library/Plots/Weights/plot_weight_breakdown.py
DA:9,1
DA:10,1
DA:11,1
DA:12,1
DA:17,1
DA:46,0
DA:48,0
DA:49,0
DA:50,0
DA:51,0
DA:53,0
DA:54,0
DA:57,0
DA:58,0
DA:59,0
DA:60,0
DA:61,0
DA:62,0
DA:63,0
DA:64,0
DA:65,0
DA:66,0
DA:67,0
DA:68,0
DA:69,0
DA:70,0
DA:71,0
DA:72,0
DA:73,0
DA:74,0
DA:75,0
DA:77,0
DA:80,0
DA:86,0
DA:92,0
DA:96,0
DA:97,0
DA:99,0
DA:100,0
DA:101,0
LF:40
LH:5
FN:17,101,plot_weight_breakdown
FNDA:0,plot_weight_breakdown
FNF:1
FNH:0
BRDA:53,0,jump to line 54,-
BRDA:53,0,jump to line 77,-
BRDA:57,0,jump to line 58,-
BRDA:57,0,jump to line 71,-
BRDA:58,0,jump to line 53,-
BRDA:58,0,jump to line 59,-
BRDA:59,0,jump to line 60,-
BRDA:59,0,jump to line 66,-
BRDA:60,0,jump to line 58,-
BRDA:60,0,jump to line 61,-
BRDA:61,0,jump to line 60,-
BRDA:61,0,jump to line 62,-
BRDA:66,0,jump to line 58,-
BRDA:66,0,jump to line 67,-
BRDA:71,0,jump to line 53,-
BRDA:71,0,jump to line 72,-
BRDA:96,0,jump to line 97,-
BRDA:96,0,jump to line 99,-
BRDA:99,0,jump to line 100,-
BRDA:99,0,jump to line 101,-
BRF:20
BRH:0
end_of_record
SF:RCAIDE/Vehicle.py
DA:10,1
DA:11,1
DA:12,1
DA:13,1
DA:14,1
DA:19,1
DA:23,1
DA:32,0
DA:33,0
DA:34,0
DA:35,0
DA:36,0
DA:37,0
DA:38,0
DA:39,0
DA:40,0
DA:41,0
DA:42,0
DA:43,0
DA:44,0
DA:46,0
DA:48,0
DA:49,0
DA:50,0
DA:51,0
DA:52,0
DA:53,0
DA:54,0
DA:55,0
DA:56,0
DA:57,0
DA:58,0
DA:59,0
DA:60,0
DA:61,0
DA:62,0
DA:63,0
DA:64,0
DA:65,0
DA:67,0
DA:68,0
DA:69,0
DA:70,0
DA:71,0
DA:72,0
DA:73,0
DA:74,0
DA:75,0
DA:76,0
DA:78,0
DA:79,0
DA:80,0
DA:81,0
DA:82,0
DA:83,0
DA:85,0
DA:86,0
DA:87,0
DA:88,0
DA:90,0
DA:92,1
DA:94,1
DA:113,0
DA:115,0
DA:127,0
DA:131,0
DA:133,0
DA:136,1
DA:156,0
DA:157,0
DA:158,0
DA:160,0
DA:162,0
DA:165,1
DA:176,0
DA:177,0
DA:180,0
DA:183,0
DA:184,0
DA:185,0
DA:186,0
DA:187,0
DA:190,0
DA:192,0
DA:194,1
DA:204,0
DA:205,0
DA:206,0
DA:208,0
DA:210,0
DA:212,1
DA:222,0
DA:224,0
DA:225,0
DA:226,0
DA:227,0
DA:229,0
DA:232,1
DA:242,0
DA:244,0
DA:245,0
DA:246,0
DA:247,0
DA:249,0
DA:250,0
DA:251,0
DA:253,0
DA:255,0
DA:257,0
DA:259,1
DA:262,0
DA:263,0
DA:264,0
DA:265,0
DA:266,0
DA:268,0
DA:270,1
DA:279,0
DA:281,0
DA:283,1
DA:294,0
DA:295,0
DA:298,0
DA:301,0
DA:302,0
DA:303,0
DA:304,0
DA:305,0
DA:308,0
DA:310,0
DA:312,1
DA:322,0
DA:323,0
DA:324,0
DA:326,0
DA:328,0
DA:330,1
DA:340,1
DA:350,0
DA:351,0
DA:352,0
DA:353,0
DA:354,0
DA:355,0
DA:356,0
DA:357,0
DA:358,0
DA:359,0
DA:361,0
DA:362,0
DA:363,0
DA:364,0
DA:365,0
DA:366,0
DA:368,1
DA:370,1
DA:379,0
DA:380,0
DA:381,0
DA:383,1
DA:393,0
LF:161
LH:23
FN:23,90,Vehicle.__defaults__
FNDA:0,Vehicle.__defaults__
FN:94,133,Vehicle.__init__
FNDA:0,Vehicle.__init__
FN:136,162,Vehicle.find_component_root
FNDA:0,Vehicle.find_component_root
FN:165,192,Vehicle.append_component
FNDA:0,Vehicle.append_component
FN:194,210,Vehicle.find_energy_network_root
FNDA:0,Vehicle.find_energy_network_root
FN:212,229,Vehicle.sum_mass
FNDA:0,Vehicle.sum_mass
FN:232,257,Vehicle.center_of_gravity
FNDA:0,Vehicle.center_of_gravity
FN:259,268,Vehicle.moment_of_inertia
FNDA:0,Vehicle.moment_of_inertia
FN:270,281,Vehicle.operating_empty_weight
FNDA:0,Vehicle.operating_empty_weight
FN:283,310,Vehicle.append_energy_network
FNDA:0,Vehicle.append_energy_network
FN:312,328,Vehicle.find_energy_network_root
FNDA:0,Vehicle.find_energy_network_root
FN:340,366,Vehicle_Mass_Properties.__defaults__
FNDA:0,Vehicle_Mass_Properties.__defaults__
FN:370,381,Vehicle_Mass_Container.append
FNDA:0,Vehicle_Mass_Container.append
FN:383,393,Vehicle_Mass_Container.get_children
FNDA:0,Vehicle_Mass_Container.get_children
FNF:14
FNH:0
BRDA:156,0,jump to line 157,-
BRDA:156,0,jump to line 160,-
BRDA:157,0,jump to line 156,-
BRDA:157,0,jump to line 158,-
BRDA:176,0,jump to line 177,-
BRDA:176,0,jump to line 180,-
BRDA:184,0,jump to line 185,-
BRDA:184,0,jump to line 190,-
BRDA:204,0,jump to line 205,-
BRDA:204,0,jump to line 208,-
BRDA:205,0,jump to line 204,-
BRDA:205,0,jump to line 206,-
BRDA:224,0,jump to line 225,-
BRDA:224,0,jump to line 229,-
BRDA:226,0,jump to line 224,-
BRDA:226,0,jump to line 227,-
BRDA:244,0,jump to line 245,-
BRDA:244,0,jump to line 249,-
BRDA:246,0,jump to line 244,-
BRDA:246,0,jump to line 247,-
BRDA:250,0,jump to line 251,-
BRDA:250,0,jump to line 253,-
BRDA:264,0,jump to line 265,-
BRDA:264,0,jump to line 268,-
BRDA:294,0,jump to line 295,-
BRDA:294,0,jump to line 298,-
BRDA:302,0,jump to line 303,-
BRDA:302,0,jump to line 308,-
BRDA:322,0,jump to line 323,-
BRDA:322,0,jump to line 326,-
BRDA:323,0,jump to line 322,-
BRDA:323,0,jump to line 324,-
BRDA:380,0,jump to line 381,-
BRDA:380,0,return from function 'append',-
BRF:34
BRH:0
end_of_record
SF:RCAIDE/load.py
DA:9,1
DA:10,1
DA:11,1
DA:12,1
DA:13,1
DA:18,1
DA:35,0
DA:36,0
DA:37,0
DA:38,0
DA:41,0
DA:42,0
DA:43,0
DA:46,0
DA:49,0
DA:51,0
DA:53,1
DA:68,0
DA:69,0
DA:72,0
DA:73,0
DA:74,0
DA:75,0
DA:76,0
DA:78,1
DA:93,0
DA:96,0
DA:97,0
DA:99,0
DA:100,0
DA:101,0
DA:102,0
DA:103,0
DA:104,0
DA:105,0
DA:106,0
DA:107,0
DA:108,0
DA:109,0
DA:110,0
DA:111,0
DA:112,0
DA:114,0
DA:116,0
LF:44
LH:8
FN:18,51,load
FNDA:0,load
FN:53,76,read_RCAIDE_json_dict
FNDA:0,read_RCAIDE_json_dict
FN:78,116,build_data_r
FNDA:0,build_data_r
FNF:3
FNH:0
BRDA:35,0,jump to line 36,-
BRDA:35,0,jump to line 41,-
BRDA:72,0,jump to line 73,-
BRDA:72,0,jump to line 76,-
BRDA:96,0,jump to line 97,-
BRDA:96,0,jump to line 103,-
BRDA:100,0,jump to line 101,-
BRDA:100,0,jump to line 116,-
BRDA:103,0,jump to line 104,-
BRDA:103,0,jump to line 105,-
BRDA:105,0,jump to line 106,-
BRDA:105,0,jump to line 107,-
BRDA:107,0,jump to line 108,-
BRDA:107,0,jump to line 109,-
BRDA:109,0,jump to line 110,-
BRDA:109,0,jump to line 111,-
BRDA:111,0,jump to line 112,-
BRDA:111,0,jump to line 114,-
BRF:18
BRH:0
end_of_record
SF:RCAIDE/save.py
DA:9,1
DA:10,1
DA:11,1
DA:12,1
DA:13,1
DA:18,1
DA:36,0
DA:37,0
DA:38,0
DA:39,0
DA:42,0
DA:45,0
DA:48,0
DA:49,0
DA:50,0
DA:51,0
DA:53,1
DA:70,0
DA:71,0
DA:76,0
DA:77,0
DA:78,0
DA:79,0
DA:81,1
DA:97,0
DA:99,0
DA:100,0
DA:103,0
DA:104,0
DA:105,0
DA:106,0
DA:107,0
DA:108,0
DA:109,0
DA:110,0
DA:111,0
DA:112,0
DA:113,0
DA:114,0
DA:118,0
DA:119,0
DA:120,0
DA:121,0
DA:122,0
DA:124,0
DA:126,0
DA:127,0
DA:128,0
DA:130,0
LF:49
LH:8
FN:18,51,save
FNDA:0,save
FN:53,79,build_dict_base
FNDA:0,build_dict_base
FN:81,130,build_dict_r
FNDA:0,build_dict_r
FNF:3
FNH:0
BRDA:36,0,jump to line 37,-
BRDA:36,0,jump to line 42,-
BRDA:76,0,jump to line 77,-
BRDA:76,0,jump to line 79,-
BRDA:99,0,jump to line 100,-
BRDA:99,0,jump to line 103,-
BRDA:103,0,jump to line 104,-
BRDA:103,0,jump to line 105,-
BRDA:105,0,jump to line 106,-
BRDA:105,0,jump to line 107,-
BRDA:107,0,jump to line 108,-
BRDA:107,0,jump to line 109,-
BRDA:109,0,jump to line 110,-
BRDA:109,0,jump to line 111,-
BRDA:111,0,jump to line 112,-
BRDA:111,0,jump to line 113,-
BRDA:113,0,jump to line 114,-
BRDA:113,0,jump to line 118,-
BRDA:121,0,jump to line 122,-
BRDA:121,0,jump to line 124,-
BRDA:127,0,jump to line 128,-
BRDA:127,0,jump to line 130,-
BRF:22
BRH:0
end_of_record
SF:RCAIDE/version.py
DA:2,0
LF:1
LH:0
end_of_record
